0.5168065035888401
0.5164583090796724
0.5156916799031159
0.5150544454530462
0.5145496917069359
0.5141515165891606
0.5138375539743378
0.5135900026654093
0.5133948042121487
0.5132408735463816
0.5131194767182783
0.513023735253953
0.5129482331384919
0.51288870603552
0.5128417960226973
0.5128048583091527
0.5127758090730028
0.5127530057550789
0.5127351529292861
0.5127212283049651
0.5127104245627658
0.51270210363646
0.5126957607744308
0.5126909962842221
0.5126874933125207
0.5126850003663243
0.5126833175589061
0.5126822857824955
0.5126817781810431
0.5126816934310424
0.512681950444033
0.5126824841873368
0.512683242384671
0.5126841829093665
0.5126852717230235
0.5126864812439266
0.5126877890542576
0.5126891768745654
0.5126906297491991
0.5126921353983978
0.5126936837021405
0.5126952662882697
0.5126968762032134
0.512698507648218
0.512700155767597
0.5127018164783426
0.5127034863326745
0.5127051624068657
0.512706842211061
0.5127085236159099
0.5127102047926875
0.5127118841642619
0.512713560364813
0.5127152322066161
0.5127168986525602
0.5127185587933253
0.5127202118283599
0.5127218570499684
0.5127234938299506
0.5127251216083474
0.5127267398839224
0.5127283482060879
0.512729946168035
0.5127315334008644
0.5127331095685634
0.5127346743636914
0.5127362275036651
0.5127377687275516
0.512739297793295
0.5127408144753118
0.5127423185624
0.5127438098559234
0.5127452881682244
0.512746753321242
0.5127482051453015
0.5127496434780557
0.5127510681635579
0.512752479051447
0.5127538759962345
0.5127552588566748
0.5127566274952152
0.5127579817775093
0.5127593215719884
0.5127606467494874
0.5127619571829102
0.5127632527469388
0.5127645333177748
0.5127657987729112
0.5127670489909324
0.5127682838513363
0.5127695032343784
0.5127707070209322
0.5127718950923689
0.5127730673304486
0.5127742236172252
0.5127753638349624
0.5127764878660592
0.5127775955929847
0.5127786868982195
0.5127797616642048
0.5127808197732971
0.5127818611077286
0.5127828855495705
0.5127838929807035
0.512784883282789
0.5127858563372458
0.5127868120252274
0.5127877502276037
0.5127886708249444
0.512789573697504
0.5127904587252085
0.5127913257876441
0.5127921747640477
0.5127930055332967
0.5127938179739022
0.5127946119640014
0.5127953873813521
0.5127961441033271
0.5127968820069091
0.5127976009686874
0.5127983008648538
0.5127989815711995
0.5127996429631123
0.5128002849155744
0.5128009073031605
0.5128015100000358
0.5128020928799544
0.512802655816258
0.5128031986818748
0.5128037213493193
0.5128042236906901
0.5128047055776705
0.5128051668815274
0.5128056074731113
0.5128060272228552
0.5128064260007752
0.5128068036764707
0.5128071601191225
0.5128074951974955
0.5128078087799357
0.5128081007343732
0.5128083709283204
0.5128086192288732
0.5128088455027109
0.512809049616096
0.5128092314348756
0.5128093908244806
0.5128095276499272
0.512809641775816
0.5128097330663336
0.5128098013852522
0.5128098465959308
0.5128098685613147
0.5128098671439371
0.5128098422059186
0.5128097936089686
0.512809721214385
0.5128096248830556
0.5128095044754579
0.5128093598516605
0.5128091908713227
0.512808997393696
0.5128087792776241
0.5128085363815446
0.512808268563488
0.5128079756810795
0.5128076575915395
0.512807314151684
0.512806945217926
0.5128065506462751
0.5128061302923395
0.5128056840113251
0.5128052116580385
0.5128047130868851
0.5128041881518726
0.5128036367066091
0.5128030586043065
0.5128024536977791
0.5128018218394461
0.5128011628813307
0.512800476675063
0.5127997630718794
0.5127990219226233
0.5127982530777473
0.5127974563873134
0.5127966317009932
0.5127957788680697
0.5127948977374386
0.5127939881576076
0.5127930499766993
0.512792083042451
0.5127910872022159
0.5127900623029646
0.512789008191285
0.5127879247133846
0.5127868117150911
0.512785669041853
0.5127844965387411
0.5127832940504496
0.5127820614212975
0.5127807984952291
0.5127795051158149
0.5127781811262544
0.5127768263693753
0.512775440687636
0.5127740239231262
0.5127725759175686
0.5127710965123194
0.5127695855483705
0.5127680428663499
0.5127664683065238
0.5127648617087974
0.5127632229127166
0.5127615517574687
0.5127598480818847
0.5127581117244399
0.5127563425232563
0.5127545403161029
0.5127527049403977
0.5127508362332094
0.5127489340312588
0.51274699817092
0.5127450284882225
0.5127430248188525
0.5127409869981541
0.5127389148611318
0.5127368082424518
0.512734666976443
0.5127324908970998
0.5127302798380833
0.5127280336327231
0.512725752114019
0.5127234351146432
0.5127210824669411
0.5127186940029351
0.5127162695543247
0.5127138089524887
0.5127113120284883
0.5127087786130683
0.5127062085366587
0.5127036016293772
0.5127009577210322
0.5126982766411228
0.5126955582188433
0.5126928022830836
0.5126900086624323
0.5126871771851791
0.5126843076793165
0.5126813999725418
0.5126784538922613
0.5126754692655904
0.5126724459193577
0.5126693836801066
0.5126662823740982
0.5126631418273138
0.5126599618654571
0.5126567423139579
0.5126534829979735
0.5126501837423915
0.5126468443718346
0.5126434647106604
0.5126400445829659
0.5126365838125913
0.5126330822231201
0.512629539637885
0.5126259558799696
0.5126223307722113
0.5126186641372046
0.5126149557973051
0.5126112055746309
0.5126074132910681
0.5126035787682721
0.5125997018276726
0.5125957822904754
0.5125918199776679
0.5125878147100202
0.5125837663080908
0.5125796745922291
0.5125755393825793
0.512571360499084
0.5125671377614887
0.5125628709893446
0.5125585600020135
0.5125542046186707
0.5125498046583101
0.5125453599397476
0.5125408702816254
0.5125363355024164
0.5125317554204282
0.5125271298538072
0.512522458620544
0.5125177415384765
0.5125129784252953
0.5125081690985482
0.5125033133756445
0.5124984110738596
0.5124934620103407
0.5124884660021103
0.5124834228660725
0.5124783324190165
0.512473194477623
0.5124680088584685
0.5124627753780308
0.5124574938526937
0.5124521640987534
0.5124467859324229
0.5124413591698378
0.5124358836270623
0.5124303591200937
0.5124247854648695
0.5124191624772716
0.5124134899731337
0.5124077677682459
0.512401995678362
0.5123961735192036
0.5123903011064689
0.5123843782558362
0.5123784047829727
0.5123723805035381
0.512366305233194
0.5123601787876084
0.5123540009824632
0.5123477716334599
0.5123414905563282
0.5123351575668313
0.5123287724807728
0.5123223351140047
0.5123158452824345
0.5123093028020307
0.5123027074888324
0.5122960591589549
0.512289357628598
0.5122826027140532
0.5122757942317114
0.5122689319980706
0.5122620158297436
0.512255045543466
0.5122480209561039
0.5122409418846621
0.5122338081462926
0.5122266195583018
0.5122193759381597
0.5122120771035081
0.5122047228721687
0.512197313062152
0.5121898474916655
0.5121823259791236
0.512174748343155
0.5121671144026115
0.512159423976579
0.5121516768843841
0.5121438729456051
0.5121360119800802
0.512128093807917
0.5121201182495028
0.5121120851255122
0.5121039942569189
0.5120958454650041
0.5120876385713665
0.5120793733979319
0.512071049766964
0.5120626675010734
0.512054226423229
0.5120457263567657
0.5120371671253978
0.5120285485532277
0.5120198704647563
0.5120111326848938
0.5120023350389709
0.5119934773527479
0.5119845594524275
0.5119755811646644
0.511966542316576
0.5119574427357552
0.5119482822502788
0.5119390606887215
0.5119297778801652
0.5119204336542111
0.5119110278409911
0.5119015602711792
0.5118920307760031
0.5118824391872561
0.5118727853373086
0.5118630690591195
0.5118532901862494
0.5118434485528708
0.5118335439937818
0.5118235763444169
0.5118135454408597
0.5118034511198556
0.5117932932188232
0.5117830715758672
0.5117727860297913
0.5117624364201092
0.5117520225870595
0.5117415443716158
0.5117310016155008
0.5117203941611999
0.5117097218519716
0.5116989845318625
0.5116881820457195
0.511677314239203
0.5116663809587991
0.5116553820518339
0.5116443173664861
0.5116331867517996
0.5116219900576983
0.5116107271349977
0.5115993978354196
0.5115880020116046
0.5115765395171258
0.5115650102065024
0.5115534139352135
0.5115417505597109
0.5115300199374332
0.5115182219268194
0.5115063563873226
0.5114944231794235
0.5114824221646446
0.5114703532055629
0.511458216165825
0.5114460109101602
0.5114337373043942
0.5114213952154635
0.5114089845114288
0.5113965050614894
0.5113839567359962
0.5113713394064665
0.511358652945598
0.5113458972272822
0.5113330721266183
0.5113201775199278
0.5113072132847678
0.5112941792999454
0.5112810754455319
0.5112679016028763
0.5112546576546185
0.511241343484706
0.5112279589784037
0.5112145040223124
0.511200978504379
0.5111873823139128
0.511173715341598
0.511159977479508
0.5111461686211205
0.5111322886613288
0.5111183374964577
0.5111043150242769
0.511090221144014
0.5110760557563689
0.5110618187635277
0.5110475100691754
0.5110331295785104
0.511018677198258
0.511004152836683
0.510989556403605
0.5109748878104099
0.5109601469700645
0.5109453337971295
0.5109304482077728
0.5109154901197825
0.5109004594525807
0.5108853561272358
0.5108701800664762
0.5108549311947032
0.5108396094380031
0.5108242147241614
0.5108087469826743
0.5107932061447625
0.5107775921433825
0.5107619049132408
0.5107461443908048
0.5107303105143158
0.5107144032238015
0.5106984224610877
0.5106823681698112
0.5106662402954305
0.5106500387852392
0.5106337635883766
0.5106174146558399
0.5106009919404958
0.5105844953970922
0.5105679249822688
0.5105512806545696
0.5105345623744528
0.5105177701043028
0.5105009038084404
0.5104839634531341
0.510466949006611
0.5104498604390667
0.5104326977226756
0.5104154608316025
0.5103981497420114
0.5103807644320763
0.5103633048819904
0.5103457710739774
0.5103281629922988
0.5103104806232656
0.5102927239552466
0.5102748929786772
0.5102569876860698
0.5102390080720214
0.5102209541332228
0.5102028258684677
0.5101846232786602
0.5101663463668242
0.5101479951381102
0.5101295695998048
0.5101110697613371
0.5100924956342874
0.5100738472323939
0.5100551245715607
0.5100363276698645
0.5100174565475613
0.5099985112270944
0.5099794917330993
0.5099603980924117
0.5099412303340725
0.5099219884893352
0.5099026725916707
0.5098832826767733
0.5098638187825667
0.5098442809492091
0.509824669219098
0.5098049836368753
0.5097852242494327
0.5097653911059162
0.5097454842577295
0.5097255037585386
0.5097054496642774
0.5096853220331492
0.5096651209256317
0.50964484640448
0.50962449853473
0.5096040773837012
0.5095835830210004
0.5095630155185223
0.5095423749504548
0.5095216613932783
0.5095008749257697
0.5094800156290034
0.5094590835863535
0.5094380788834939
0.5094170016084012
0.5093958518513546
0.5093746297049364
0.5093533352640338
0.509331968625838
0.5093105298898446
0.5092890191578544
0.5092674365339721
0.509245782124606
0.5092240560384678
0.5092022583865706
0.5091803892822296
0.5091584488410585
0.5091364371809695
0.5091143544221708
0.5090922006871652
0.5090699761007471
0.5090476807900006
0.5090253148842969
0.5090028785152906
0.5089803718169181
0.5089577949253932
0.5089351479792033
0.5089124311191068
0.5088896444881286
0.5088667882315553
0.5088438624969321
0.5088208674340573
0.5087978031949778
0.5087746699339839
0.5087514678076042
0.5087281969746003
0.5087048575959607
0.5086814498348959
0.5086579738568306
0.5086344298293997
0.5086108179224392
0.5085871383079821
0.5085633911602492
0.5085395766556435
0.5085156949727421
0.5084917462922893
0.5084677307971878
0.5084436486724917
0.508419500105398
0.5083952852852384
0.5083710044034699
0.5083466576536675
0.5083222452315137
0.5082977673347903
0.5082732241633686
0.5082486159192001
0.5082239428063065
0.5081992050307695
0.5081744028007213
0.5081495363263339
0.508124605819808
0.508099611495363
0.5080745535692259
0.5080494322596201
0.5080242477867536
0.5079990003728083
0.5079736902419281
0.5079483176202063
0.5079228827356748
0.5078973858182907
0.5078718270999243
0.5078462068143469
0.5078205251972174
0.5077947824860698
0.5077689789202997
0.5077431147411512
0.5077171901917035
0.5076912055168573
0.5076651609633207
0.5076390567795955
0.5076128932159627
0.5075866705244689
0.5075603889589113
0.5075340487748228
0.507507650229458
0.5074811935817778
0.5074546790924341
0.5074281070237556
0.5074014776397306
0.5073747912059936
0.5073480479898077
0.5073212482600498
0.5072943922871949
0.5072674803432989
0.5072405127019836
0.507213489638419
0.507186411429308
0.5071592783528689
0.507132090688819
0.507104848718358
0.5070775527241501
0.5070502029903072
0.5070227998023722
0.5069953434473007
0.5069678342134438
0.5069402723905311
0.506912658269652
0.5068849921432379
0.506857274305045
0.5068295050501356
0.5068016846748598
0.5067738134768377
0.5067458917549408
0.506717919809273
0.5066898979411528
0.5066618264530944
0.5066337056487885
0.5066055358330837
0.5065773173119674
0.5065490503925475
0.506520735383032
0.5064923725927108
0.5064639623319361
0.506435504912103
0.5064070006456298
0.5063784498459389
0.5063498528274377
0.5063212099054973
0.5062925213964344
0.5062637876174911
0.5062350088868145
0.5062061855234378
0.506177317847259
0.5061484061790225
0.5061194508402977
0.5060904521534599
0.5060614104416694
0.5060323260288517
0.5060031992396772
0.505974030399541
0.5059448198345424
0.5059155678714651
0.5058862748377557
0.505856941061505
0.5058275668714256
0.5057981525968336
0.5057686985676262
0.505739205114262
0.5057096725677412
0.5056801012595838
0.5056504915218102
0.5056208436869198
0.5055911580878707
0.5055614350580596
0.5055316749313009
0.5055018780418059
0.5054720447241627
0.5054421753133155
0.5054122701445437
0.5053823295534422
0.5053523538758999
0.5053223434480802
0.5052922986063993
0.5052622196875075
0.5052321070282664
0.5052019609657307
0.5051717818371265
0.5051415699798312
0.5051113257313538
0.505081049429313
0.5050507414114194
0.5050204020154525
0.5049900315792428
0.5049596304406503
0.5049291989375447
0.5048987374077857
0.5048682461892023
0.5048377256195737
0.5048071760366087
0.5047765977779262
0.5047459911810349
0.5047153565833142
0.5046846943219944
0.5046540047341361
0.5046232881566127
0.5045925449260885
0.504561775379001
0.5045309798515407
0.5045001586796325
0.5044693121989152
0.5044384407447244
0.5044075446520712
0.5043766242556247
0.5043456798896928
0.5043147118882032
0.5042837205846844
0.5042527063122477
0.5042216694035682
0.5041906101908663
0.5041595290058897
0.5041284261798942
0.504097302043627
0.504066156927307
0.5040349911606077
0.5040038050726393
0.5039725989919299
0.5039413732464093
0.5039101281633901
0.5038788640695504
0.5038475812909172
0.5038162801528481
0.5037849609800139
0.5037536240963829
0.5037222698252024
0.5036908984889823
0.5036595104094782
0.5036281059076751
0.5035966853037703
0.503565248917157
0.5035337970664077
0.5035023300692585
0.5034708482425923
0.503439351902423
0.5034078413638792
0.5033763169411895
0.5033447789476642
0.5033132276956822
0.5032816634966745
0.5032500866611082
0.5032184974984717
0.5031868963172592
0.503155283424956
0.5031236591280221
0.5030920237318792
0.5030603775408942
0.5030287208583647
0.5029970539865052
0.5029653772264313
0.502933690878146
0.5029019952405247
0.5028702906113012
0.5028385772870537
0.5028068555631897
0.502775125733933
0.5027433880923085
0.5027116429301293
0.5026798905379822
0.502648131205214
0.5026163652199178
0.5025845928689193
0.5025528144377629
0.5025210302106983
0.5024892404706673
0.5024574454992896
0.5024256455768499
0.5023938409822842
0.5023620319931665
0.5023302188856955
0.5022984019346812
0.5022665814135315
0.502234757594239
0.5022029307473675
0.5021711011420394
0.5021392690459217
0.5021074347252127
0.5020755984446287
0.5020437604673917
0.5020119210552145
0.501980080468288
0.5019482389652683
0.5019163968032622
0.5018845542378143
0.5018527115228935
0.5018208689108786
0.5017890266525458
0.5017571849970537
0.5017253441919298
0.5016935044830564
0.5016616661146572
0.5016298293292821
0.5015979943677935
0.5015661614693507
0.5015343308713974
0.501502502809644
0.5014706775180556
0.5014388552288348
0.5014070361724071
0.5013752205774054
0.5013434086706543
0.5013116006771541
0.5012797968200642
0.5012479973206876
0.5012162023984534
0.5011844122709004
0.50115262715366
0.5011208472604377
0.5010890728029967
0.5010573039911391
0.5010255410326871
0.5009937841334652
0.5009620334972803
0.5009302893259022
0.5008985518190444
0.5008668211743436
0.5008350975873384
0.5008033812514486
0.5007716723579543
0.5007399710959728
0.5007082776524368
0.5006765922120714
0.5006449149573704
0.5006132460685724
0.5005815857236366
0.5005499340982172
0.5005182913656381
0.5004866576968663
0.5004550332604857
0.5004234182226688
0.5003918127471496
0.5003602169951935
0.5003286311255692
0.5002970552945176
0.5002654896557214
0.500233934360273
0.5002023895566424
0.5001708553906443
0.5001393320054043
0.5001078195413222
0.5000763181360394
0.5000448279244
0.5000133490384141
0.49998188160722035
0.4999504257570454
0.4999189816111647
0.49988754928986057
0.4998561289103809
0.499824720586895
0.49979332443045
0.499761940548926
0.49973056904698804
0.49969921002604034
0.49966786358417703
0.49963652981613166
0.4996052088132268
0.49957390066332225
0.49954260545076057
0.49951132325631276
0.49948005415712227
0.49944879822664767
0.49941755553460354
0.4993863261469008
0.49935511012558464
0.4993239075287724
0.4992927184105882
0.49926154282109747
0.4992303808062396
0.49919923240775893
0.4991680976631341
0.4991369766055056
0.4991058692636027
0.49907477566166736
0.499043695819377
0.4990126297517665
0.4989815774691463
0.498950538977021
0.49891951427600456
0.4988885033617342
0.49885750622478287
0.49882652285056905
0.4987955532192649
0.49876459730570233
0.4987336550792779
0.4987027265038535
0.4986718115376585
0.4986409101331857
0.49861002223708834
0.49857914779007373
0.49854828672679397
0.498517438975736
0.4984866044591084
0.4984557830927252
0.4984249747858892
0.49839417944127173
0.49836339695478915
0.4983326272154798
0.49830187010537474
0.4982711254993688
0.4982403932650883
0.4982096732627549
0.4981789653450496
0.49814826935697043
0.49811758513569193
0.49808691251041637
0.4980562513022284
0.49802560132394125
0.4979949623799438
0.49796433426604414
0.49793371676930803
0.49790310966789764
0.49787251273090477
0.497841925718183
0.497811348380174
0.49778078045773533
0.4977502216819599
0.4977196717739959
0.4976891304448623
0.4976585973952613
0.4976280723153869
0.4975975548847313
0.49756704477188696
0.4975365416343461
0.4975060451182961
0.49747555485841133
0.49744507047764275
0.49741459158700296
0.4973841177853475
0.4973536486591529
0.4973231837822918
0.49729272271580327
0.49726226500766024
0.4972318101925326
0.4972013577915473
0.4971709073120436
0.4971404582473257
0.49711001007641076
0.4970795622637729
0.49704911425908394
0.4970186654969495
0.4969882153966414
0.49695776336182657
0.49692730878029034
0.4968968510236572
0.4968663894471077
0.4968359233890888
0.49680545217102284
0.49677497509701046
0.4967444914535303
0.4967140005091337
0.4966835015141358
0.49665299370030147
0.49662247628052747
0.4965919484485206
0.4965614093784704
0.49653085822471765
0.4965002941214197
0.4964697161822097
0.49643912349985153
0.4964085151458914
0.49637789017030404
0.49634724760113336
0.4963165864441307
0.49628590568238634
0.49625520427595826
0.4962244811614941
0.4961937352518505
0.4961629654357064
0.4961321705771724
0.4961013495153942
0.4960705010641535
0.4960396240114617
0.49600871711915007
0.4959777791224554
0.49594680872960023
0.4959158046213683
0.49588476545067584
0.49585368984213635
0.49582257639162364
0.49579142366582674
0.49576023020180177
0.4957289945065189
0.4956977150564038
0.4956663902968751
0.49563501864187587
0.49560359847340174
0.49557212814102297
0.49554060596140237
0.49550903021780757
0.4954773991596202
0.49544571100183843
0.4954139639245756
0.49538215607255454
0.4953502855545954
0.4953183504431017
0.4952863487735389
0.495254278543909
0.49522213771422174
0.49518992420596014
0.4951576359015411
0.4951252706437725
0.49509282623530493
0.49506030043807947
0.49502769097277055
0.4949949955182249
0.49496221171089544
0.49492933714427234
0.4948963693683076
0.4948633058888374
0.4948301441669995
0.4947968816186461
0.49476351561375387
0.4947300434758287
0.49469646248130794
0.49466276985895724
0.4946289627892654
0.4945950384038335
0.49456099378476326
0.4945268259640384
0.4944925319229064
0.4944581085912535
0.49442355284697925
0.4943888615153662
0.4943540313684469
0.49431905912436935
0.4942839414467579
0.494248674944073
0.4942132561689667
0.4941776816176383
0.49414194772918585
0.49410605088495524
0.49406998740788977
0.4940337535618751
0.49399734555108465
0.49396075951932283
0.4939239915493665
0.4938870376623063
0.4938498938168866
0.4938125559088444
0.4937750197702482
0.49373728116883725
0.4936993358073587
0.49366117932290665
0.49362280728626107
0.4935842152012275
0.49354539850397666
0.49350635256238656
0.49346707267538464
0.4934275540722924
0.4933877919121715
0.49334778128317275
0.4933075172018862
0.49326699461269513
0.4932262083871328
0.493185153323243
0.4931438241449426
0.4931022155013916
0.49306032196636357
0.4930181380376237
0.4929756581363111
0.4929328766063263
0.4928897877137257
0.4928463856461206
0.4928026645120851
0.4927586183405694
0.49271424108032125
0.4926695265993166
0.4926244686841963
0.4925790610397142
0.4925332972881933
0.49248717096899225
0.4924406755379821
0.4923938043670342
0.4923465507435202
0.4922989078698222
0.49225086886285785
0.4922024267536169
0.49215357448671215
0.4921043049199448
0.4920546108238841
0.49200448488146364
0.49195391968759294
0.491902907748786
0.4918514414828075
0.4917995132183374
0.4917471151946539
0.4916942395613363
0.4916408783779874
0.491587023613979
0.49153266714821564
0.4914778007689241
0.49142241617346494
0.49136650496816703
0.49131005866818817
0.49125306869740193
0.4911955263883087
0.49113742298197616
0.4910787496280067
0.4910194973845343
0.49095965721825163
0.4908992200044663
0.490838176527191
0.49077651747926465
0.49071423346250753
0.49065131498791037
0.49058775247585995
0.4905235362563993
0.49045865656952686
0.4903931035655329
0.49032686730537556
0.4902599377610964
0.49019230481627885
0.4901239582665472
0.49005488782010953
0.489985083098346
0.48991453363644005
0.4898432288840593
0.48977115820608064
0.4896983108833672
0.4896246761135912
0.48955024301211136
0.48947500061289967
0.4893989378695215
0.48932204365617005
0.48924430676875624
0.48916571592605357
0.48908625977090214
0.4890059268714685
0.4889247057225681
0.48884258474704545
0.48875955229721835
0.4886755966563836
0.48859070604038657
0.4885048685992568
0.4884180724189093
0.48833030552291257
0.4882415558743256
0.48815181137760466
0.4880610598805787
0.4879692891764993
0.48787648700616026
0.48778264106009317
0.4876877389808363
0.4875917683652804
0.4874947167670898
0.48739657169920303
0.48729732063641107
0.4871969510180161
0.4870954502505703
0.4869928057106969
0.4868890047479947
0.4867840346880231
0.4866778828353764
0.4865705364768385
0.48646198288462783
0.4863522093197266
0.4862412030352993
0.48612895128019984
0.4860154413025669
0.48590066035351165
0.4857845956908936
0.48566723458319067
0.48554856431345994
0.48542857218339075
0.4853072455174538
0.48518457166714135
0.48506053801530397
0.48493513198058114
0.4848083410219288
0.4846801526432416
0.48455055439807226
0.4844195338944478
0.4842870787997826
0.4841531768458889
0.48401781583408576
0.4838809836404049
0.4837426682208958
0.4836028576170282
0.48346153996119334
0.48331870348230477
0.48317433651149605
0.48302842748791797
0.4828809649646352
0.4827319376146192
0.48258133423684235
0.48242914376246804
0.48227535526113996
0.48211995794736984
0.4819629411870213
0.4818042945038926
0.48164400758639525
0.48148207029433165
0.48131847266576444
0.48115320492398717
0.4809862574845871
0.4808176209626042
0.480647286179783
0.48047524417192117
0.48030148619630986
0.4801260037392657
0.479948788523758
0.4797698325171237
0.47958912793887715
0.47940666726860703
0.47922244325396446
0.4790364489187391
0.4788486775710237
0.47865912281146683
0.47846777854161027
0.4782746389723148
0.4780796986322693
0.4778829523765852
0.4776843953954746
0.4774840232230116
0.4772818317459755
0.4770778172127763
0.47687197624246114
0.4766643058338005
0.4764548033744551
0.47624346665022266
0.4760302938543599
0.4758152835969884
0.4755984349145733
0.47537974727948173
0.4751592206096184
0.47493685527813734
0.47471265212323066
0.4744866124579939
0.47425873808036756
0.47402903128315527
0.47379749486411926
0.47356413213615156
0.4733289469375237
0.4730919436422125
0.4728531271703061
0.4726125029984868
0.4723700771705952
0.4721258563082734
0.4718798476216918
0.471632058920356
0.4713824986240009
0.4711311757735678
0.47087810004227026
0.47062328174674867
0.4703667318583153
0.47010846201429346
0.4698484845294514
0.4695868124075332
0.4693234593528921
0.4690584397822262
0.46879176883641915
0.4685234623924921
0.4682535370756671
0.4679820102715472
0.46770890013841565
0.4674342256196593
0.4671580064563189
0.46688026319977066
0.466601017224544
0.4663202907412784
0.4660381068098255
0.4657544893524979
0.4654694631674735
0.4651830539423546
0.4648952882678906
0.46460619365186706
0.46431579853316457
0.46402413229599215
0.46373122528429966
0.4634371088163738
0.4631418151996172
0.4628453777455188
0.4625478307848137
0.46224920968283745
0.46194955085507466
0.46164889178290314
0.4613472710295322
0.4610447282561359
0.46074130423817683
0.4604370408819186
0.4601319812411201
0.4598261695339059
0.459519651159805
0.4592124727169448
0.45890468201939083
0.45859632811461315
0.458287461301064
0.4579781331458455
0.4576683965024394
0.4573583055284739
0.4570479157034941
0.45673728384669676
0.4564264681345908
0.45611552811853295
0.4558045247420863
0.4554935203581429
0.45518257874574136
0.4548717651265075
0.4545611461806349
0.45425079006231267
0.45394076641450176
0.4536311463829489
0.453322002629315
0.45301340934328643
0.45270544225352305
0.45239817863728377
0.45209169732855736
0.45178607872451226
0.4514814047900573
0.4511777590603028
0.45087522664067503
0.4505738942044385
0.4502738499873453
0.4499751837791259
0.4496779869115016
0.4493823522423941
0.4490883741359712
0.4487961484381592
0.4485057724472244
0.4482173448790078
0.44793096582637665
0.4476467367124368
0.44736476023702887
0.4470851403160158
0.4468079820128544
0.44653339146192383
0.44626147578308184
0.4459923429869004
0.44572610187003636
0.4454628619001889
0.4452027330900966
0.44494582586004133
0.44469225088833947
0.4444421189493212
0.444195540738335
0.44395262668334234
0.4437134867427247
0.44347823018897636
0.44324696537802133
0.4430197995039764
0.4427968383392644
0.4425781859600858
0.4423639444573687
0.44215421363343727
0.4419490906847815
0.44174866987144673
0.44155304217373387
0.44136229493705226
0.44117651150595594
0.4409957708485737
0.4408201471728254
0.4406497095360234
0.44048452144963496
0.4403246404811865
0.44017011785546895
0.4400209980573832
0.43987731843893674
0.4397391088330458
0.43960639117693645
0.4394791791480445
0.4393574778153984
0.4392412833095205
0.4391305825139031
0.43902535278109633
0.4389255616763932
0.4388311667519906
0.4387421153543786
0.4386583444675166
0.43857978059413844
0.43850633967725844
0.43843792706364765
0.43837443751070965
0.43831575523780947
0.43826175402271217
0.43821229734336087
0.4381672385647899
0.4381264211705168
0.43808967903731155
0.4380568367517903
0.43802770996685525
0.43800210579558524
0.4379798232397949
0.437960653650132
0.437944381214261
0.4379307834694194
0.437919631835402
0.4379106921638623
0.43790372529970445
0.4378984876502675
0.4378947317580041
0.43789220687239283
0.43789065951692063
0.43788983404711596
0.4378894731957976
0.43788931860193503
0.4378891113197747
0.4378885923051784
0.4378875028764367
0.43788558514715076
0.4378825824291225
0.43787823960354305
0.43787230345912104
0.43786452299614703
0.43785464969582144
0.4378424377545078
0.43782764428288684
0.4378100294702709
0.4377893567146218
0.4377653927190558
0.4377379075558472
0.43770667469914043
0.43767147102775833
0.437632076799636
0.43758827559954483
0.4375398542618594
0.43748660277020973
0.4374283141359141
0.43736478425712044
0.437295811760614
0.43722119782824453
0.43714074600991715
0.43705426202507225
0.4369615535545373
0.43686243002459985
0.4367567023850903
0.4366441828832155
0.43652468483481294
0.43639802239463976
0.43626401032723644
0.4361224637798411
0.43597319805875573
0.4358160284105047
0.4356507698090507
0.4354772367502712
0.43529524305483247
0.4351046016805337
0.4349051245451384
0.43469662236064377
0.434478904479891
0.4342517787563582
0.4340150514179303
0.43376852695539
0.4335120080263199
0.43324529537506395
0.432968187769349
0.43268048195411785
0.43238197262308514
0.4320724524084763
0.4317517118893694
0.43141953961900936
0.4310757221714194
0.4307200442075837
0.4303522885614298
0.4299722363457813
0.4295796670784058
0.4291743588282201
0.4287560883816644
0.42832463142919047
0.42787976277175677
0.4274212565471472
0.4269488864758748
0.4264624261263603
0.42596164919900203
0.42544632982868597
0.42491624290521585
0.424371164411056
0.4238108717757218
0.42323514424606357
0.42264376327162345
0.42203651290416483
0.4214131802104038
0.4207735556968957
0.4201174337459661
0.41944461306149566
0.4187548971233176
0.4180480946489114
0.4173240200610284
0.4165824939598224
0.41582334359801976
0.4150464033576109
0.41425151522651116
0.41343852927361424
0.4126073041206225
0.41175770740903633
0.41088961626066445
0.4100029177300161
0.40909750924694843
0.4081732990479403
0.4072302065944024
0.4062681629764478
0.40528711130059347
0.40428700705990306
0.40326781848513715
0.4022295268755339
0.40117212690791637
0.40009562692289014
0.39900004918698445
0.39788543012967
0.3967518205542868
0.39559928582200893
0.39442790600808253
0.39323777602967236
0.39202900574477373
0.3908017200217534
0.38955605877920163
0.38829217699589513
0.3870102446907889
0.3857104468730738
0.3843929834624544
0.38305806917991364
0.3817059334093528
0.38033682003059793
0.37895098722437515
0.3775487072499601
0.37613026619630385
0.37469596370752883
0.3732461126837775
0.3717810389584739
0.3703010809531287
0.3688065893108897
0.3672979265100886
0.36577546645908804
0.3642395940737756
0.3626907048390742
0.3611292043558686
0.35955550787475965
0.3579700398180561
0.35637323329141835
0.354765529586546
0.35314737767627963
0.3515192337034607
0.34988156046484176
0.34823482689129726
0.3465795075255232
0.34491608199834617
0.3432450345046857
0.34156685328013336
0.33988203007901674
0.33819105965471796
0.33649443924290995
0.3347926680482589
0.33308624673502063
0.3313756769218287
0.3296614606808417
0.32794410004127206
0.3262240964971751
0.32450195051922553
0.32277816107005336
0.3210532251225466
0.3193276371803719
0.31760188879979206
0.3158764681116944
0.3141518593425823
0.31242854233310824
0.31070699205257496
0.30898767810767325
0.3072710642435831
0.30555760783542996
0.3038477593679789
0.30214196190135617
0.3004406505205219
0.2987442517661885
0.29705318304489453
0.29536785201599436
0.29368865595345084
0.2920159810804989
0.2903502018755099
0.28869168034773623
0.2870407652820645
0.2853977914524665
0.2837630788045052
0.282136931608068
0.28051963758242915
0.2789114669968308
0.27731267175098684
0.2757234844412714
0.2741441174198435
0.2725747618555482
0.27101558680713783
0.26946673832108464
0.2679283385680358
0.26640048503368047
0.2648832497814366
0.2633766788058367
0.2618807914967121
0.26039558023518417
0.2589210101429391
0.25745701900625556
0.2560035173956298
0.2545603890005787
0.2531274911971942
0.25170465586327095
0.2502916904522903
0.24888837933325603
0.24749448539839608
0.24610975193514556
0.24473390475277393
0.2433666545476464
0.24200769948465364
0.2406567279660105
0.23931342155266502
0.23797745799822437
0.23664851435083545
0.2353262700750602
0.2340104101436592
0.23270062804846267
0.23139662868024266
0.23009813102972684
0.22880487066554336
0.22751660194985984
0.2262330999585777
0.2249541620799558
0.22367960927319364
0.2224092869765095
0.22114306566231814
0.21988084104495492
0.21862253395372744
0.21736808989070452
0.21611747829834824
0.21487069156675526
0.21362774381379426
0.21238866947378776
0.21115352173160437
0.20992237083916437
0.20869530235052147
0.20747241530998783
0.20625382042537196
0.20503963825544488
0.20382999743740843
0.2026250329765507
0.20142488461658242
0.2002296953054796
0.19903960976811508
0.19785477319362257
0.19667533004238494
0.1955014229747931
0.19433319190152998
0.19317077315310366
0.19201429876465687
0.19086389587075595
0.18971968620382335
0.18858178568915354
0.1874503041289724
0.18632534496775055
0.18520700513092497
0.18409537492927872
0.18299053802145523
0.18189257142741075
0.1808015455860039
0.17971752445036873
0.17864056561520159
0.17757072047058053
0.17650803437744159
0.17545254686031583
0.17440429181341147
0.17336329771657077
0.1723295878580551
0.17130318056150673
0.17028408941480022
0.16927232349882107
0.16826788761451944
0.16727078250684932
0.16628100508445104
0.165298548634142
0.16432340302947857
0.16335555493281012
0.1623949879903947
0.1614416830202672
0.16049561819266134
0.15955676920287573
0.1586251094365501
0.1577006101273863
0.15678324050739792
0.1558729679498197
0.15496975810483954
0.15407357502834798
0.15318438130391862
0.15230213815824978
0.15142680557031013
0.15055834237443777
0.14969670635764498
0.14884185435138658
0.14799374231804208
0.14715232543236567
0.1463175581581485
0.14548939432033545
0.1446677871728291
0.14385268946220753
0.1430440534875755
0.14224183115675812
0.14144597403903839
0.14065643341463038
0.13987316032107566
0.13909610559673197
0.1383252199215255
0.13756045385512428
0.13680175787267815
0.1360490823982733
0.13530237783623053
0.13456159460037675
0.1338266831414075
0.13309759397245485
0.1323742776929648
0.13165668501098704
0.13094476676396857
0.1302384739381419
0.12953775768658957
0.1288425693460642
0.1281528604526384
0.12746858275625242
0.12678968823422432
0.1261161291037869
0.1254478578337042
0.12478482715502585
0.12412699007102593
0.1234742998663778
0.12282671011560632
0.1221841746908626
0.12154664776905647
0.1209140838383891
0.12028643770431602
0.1196636644949763
0.11904571966611718
0.11843255900554378
0.11782413863712086
0.11722041502435279
0.11662134497356569
0.11602688563671437
0.11543699451383525
0.11485162945516682
0.11427074866295511
0.11369431069296246
0.1131222744556981
0.11255459921738453
0.11199124460067592
0.11143217058514192
0.11087733750753229
0.11032670606183265
0.10978023729912481
0.10923789262726323
0.1086996338103777
0.10816542296821241
0.10763522257531231
0.10710899546006394
0.1065867048036008
0.10606831413858145
0.10555378734784751
0.10504308866296946
0.1045361826626871
0.1040330342712503
0.10353360875666846
0.10303787172887346
0.10254578913780094
0.10205732727139692
0.10157245275355448
0.10109113254198374
0.10061333392602279
0.10013902452439183
0.09966817228289362
0.09920074547206857
0.09873671268480329
0.09827604283389968
0.09781870514960533
0.09736466917711177
0.09691390477402065
0.0964663821077817
0.09602207165310621
0.09558094418935789
0.09514297079792337
0.09470812285956581
0.0942763720517628
0.0938476903460316
0.09342205000524301
0.09299942358092662
0.09257978391056917
0.09216310411490723
0.09174935759521623
0.09133851803059799
0.09093055937526787
0.09052545585584232
0.09012318196862945
0.08972371247692301
0.08932702240830208
0.08893308705193555
0.08854188195589556
0.0881533829244781
0.08776756601553326
0.08738440753780626
0.08700388404828951
0.08662597234958593
0.0862506494872864
0.0858778927473603
0.08550767965356028
0.08513998796484162
0.08477479567279858
0.08441208099911564
0.0840518223930362
0.08369399852884819
0.08333858830338783
0.08298557083356148
0.082634925453886
0.08228663171404851
0.0819406693764854
0.08159701841398023
0.08125565900728311
0.08091657154274992
0.08057973661000102
0.08024513499960241
0.0799127477007665
0.0795825558990752
0.07925454097422359
0.0789286844977854
0.07860496823099977
0.07828337412258066
0.07796388430654691
0.07764648110007545
0.07733114700137529
0.07701786468758394
0.07670661701268666
0.07639738700545654
0.07609015786741727
0.07578491297082851
0.07548163585669151
0.07518031023277919
0.07488091997168553
0.07458344910889969
0.07428788184089936
0.07399420252326706
0.07370239566882879
0.07341244594581253
0.07312433817602995
0.07283805733307808
0.07255358854056351
0.07227091707034682
0.0719900283408081
0.07171090791513393
0.07143354149962453
0.07115791494202146
0.07088401422985639
0.07061182548881975
0.0703413349811489
0.07007252910403745
0.06980539438806369
0.0695399174956386
0.0692760852194736
0.06901388448106707
0.06875330232921095
0.06849432593851529
0.06823694260795171
0.06798113975941598
0.06772690493630809
0.06747422580213144
0.06722309013910885
0.06697348584681789
0.0667254009408423
0.0664788235514414
0.06623374192223708
0.06599014440891757
0.06574801947795741
0.06550735570535486
0.0652681417753854
0.06503036647937134
0.06479401871446809
0.06455908748246486
0.06432556188860294
0.06409343114040755
0.06386268454653626
0.06363331151564207
0.06340530155525065
0.06317864427065391
0.06295332936381605
0.06272934663229571
0.06250668596818085
0.06228533735703842
0.06206529087687723
0.06184653669712516
0.061629065077618166
0.06141286636760494
0.06119793100476177
0.060984249514222044
0.06077181250761868
0.0605606106821372
0.06035063481958297
0.0601418757854596
0.059934324528059336
0.05972797207756593
0.05952280954516791
0.05931882812218492
0.05911601907920368
0.05891437376522638
0.0587138836068294
0.05851454010733311
0.05831633484598194
0.05811925947713563
0.057923305729470305
0.05772846540518968
0.057534730379247306
0.05734209259857681
0.05715054408133424
0.0569600769161482
0.05677068326138048
0.056582355344395305
0.05639508546083869
0.05620886597392599
0.056023689313739355
0.05583954797653269
0.055656434524046436
0.05547434158283045
0.055293261843575615
0.05511318806045328
0.054934113050463015
0.05475602969278881
0.054578930928162905
0.05440280975823747
0.05422765924496408
0.054053472509980605
0.05388024273400592
0.05370796315624188
0.05353662707378241
0.053366227841029464
0.05319675886911758
0.05302821362534304
0.05286058563260172
0.0526938684688332
0.052528055766471224
0.05236314121190085
0.05219911854492254
0.05203598155822188
0.05187372409684611
0.05171234005768694
0.05155182338896883
0.05139216808974396
0.05123336820939268
0.05107541784713045
0.05091831115151961
0.050762042319987113
0.050606605598349154
0.05045199528033906
0.05029820570714238
0.05014523126693676
0.049993066394436896
