0.515682063050383
0.5157641223322442
0.5152451268445625
0.5148183368952104
0.5144971841908547
0.5142577585305355
0.5140797527681444
0.513947723963123
0.51385005794597
0.5137780427149085
0.5137251534015776
0.5136865093176631
0.5136584635908658
0.5136382939132332
0.5136239699977271
0.5136139790142233
0.5136071947266773
0.5136027794988592
0.5136001109800816
0.513598727298041
0.5135982861152413
0.5135985340616042
0.5135992839275147
0.5136003976573283
0.5136017736759455
0.5136033374506017
0.5136050344669614
0.5136068250060088
0.5136086802634376
0.5136105794693282
0.5136125077526912
0.5136144545603267
0.5136164124878811
0.5136183764171773
0.5136203428809
0.5136223095958636
0.5136242751211393
0.513626238608509
0.5136281996210892
0.5136301580021772
0.5136321137810148
0.5136340671056144
0.5136360181953515
0.5136379673079443
0.5136399147168456
0.5136418606961319
0.5136438055107457
0.513645749410526
0.5136476926268864
0.5136496353713164
0.5136515778351062
0.5136535201898723
0.5136554625885783
0.5136574051668406
0.5136593480443725
0.513661291326467
0.513663235105452
0.513665179462079
0.5136671244668198
0.513669070181058
0.5136710166581735
0.5136729639445189
0.5136749120802914
0.5136768611003106
0.513678811034704
0.5136807619095136
0.5136827137472274
0.5136846665672457
0.5136866203862883
0.5136885752187513
0.5136905310770161
0.5136924879717197
0.5136944459119879
0.51369640490564
0.513698364959365
0.5137003260788737
0.5137022882690327
0.5137042515339774
0.5137062158772123
0.5137081813016976
0.5137101478099215
0.5137121154039661
0.5137140840855619
0.5137160538561365
0.5137180247168551
0.5137199966686572
0.5137219697122869
0.5137239438483198
0.5137259190771857
0.5137278953991893
0.5137298728145263
0.5137318513232989
0.5137338309255288
0.5137358116211673
0.5137377934101057
0.5137397762921834
0.5137417602671946
0.5137437453348946
0.5137457314950058
0.5137477187472205
0.5137497070912073
0.5137516965266123
0.5137536870530633
0.513755678670172
0.513757671377536
0.5137596651747414
0.5137616600613633
0.5137636560369682
0.513765653101115
0.513767651253356
0.5137696504932375
0.5137716508203014
0.5137736522340846
0.5137756547341215
0.5137776583199422
0.5137796629910754
0.5137816687470469
0.5137836755873809
0.5137856835116
0.5137876925192255
0.5137897026097776
0.5137917137827761
0.5137937260377399
0.5137957393741872
0.5137977537916365
0.5137997692896055
0.5138017858676122
0.5138038035251746
0.5138058222618109
0.5138078420770397
0.5138098629703797
0.5138118849413499
0.5138139079894701
0.5138159321142608
0.5138179573152426
0.5138199835919373
0.513822010943867
0.5138240393705551
0.5138260688715255
0.513828099446303
0.5138301310944138
0.5138321638153848
0.5138341976087437
0.5138362324740198
0.5138382684107434
0.5138403054184458
0.5138423434966598
0.5138443826449195
0.5138464228627602
0.513848464149719
0.5138505065053335
0.513852549929144
0.5138545944206914
0.5138566399795186
0.51385868660517
0.5138607342971915
0.5138627830551312
0.5138648328785386
0.5138668837669648
0.5138689357199631
0.5138709887370887
0.5138730428178984
0.513875097961951
0.5138771541688081
0.5138792114380321
0.5138812697691886
0.5138833291618446
0.51388538961557
0.5138874511299362
0.5138895137045176
0.5138915773388905
0.5138936420326334
0.5138957077853281
0.5138977745965578
0.513899842465909
0.5139019113929706
0.5139039813773335
0.5139060524185924
0.5139081245163439
0.5139101976701874
0.5139122718797253
0.5139143471445633
0.513916423464309
0.5139185008385736
0.5139205792669713
0.5139226587491191
0.5139247392846372
0.5139268208731492
0.5139289035142814
0.5139309872076638
0.5139330719529295
0.5139351577497147
0.5139372445976591
0.5139393324964066
0.5139414214456032
0.5139435114448994
0.5139456024939493
0.5139476945924102
0.5139497877399434
0.5139518819362133
0.5139539771808892
0.5139560734736435
0.5139581708141525
0.5139602692020964
0.5139623686371595
0.5139644691190306
0.5139665706474017
0.5139686732219697
0.5139707768424352
0.5139728815085032
0.5139749872198831
0.5139770939762885
0.5139792017774374
0.5139813106230524
0.5139834205128604
0.5139855314465931
0.5139876434239863
0.5139897564447813
0.5139918705087231
0.5139939856155623
0.513996101765054
0.5139982189569579
0.5140003371910389
0.5140024564670671
0.5140045767848171
0.514006698144069
0.5140088205446077
0.5140109439862236
0.5140130684687121
0.5140151939918738
0.5140173205555152
0.5140194481594477
0.514021576803488
0.514023706487459
0.5140258372111886
0.5140279689745102
0.5140301017772633
0.5140322356192929
0.5140343705004501
0.5140365064205913
0.5140386433795789
0.514040781377282
0.5140429204135745
0.5140450604883371
0.5140472016014564
0.5140493437528255
0.5140514869423431
0.5140536311699148
0.5140557764354523
0.5140579227388731
0.5140600700801021
0.5140622184590703
0.5140643678757151
0.5140665183299807
0.5140686698218179
0.5140708223511841
0.5140729759180438
0.5140751305223681
0.514077286164135
0.5140794428433295
0.5140816005599436
0.5140837593139763
0.5140859191054339
0.5140880799343297
0.5140902418006843
0.5140924047045258
0.514094568645889
0.5140967336248167
0.5140988996413594
0.5141010666955743
0.5141032347875266
0.5141054039172895
0.5141075740849433
0.5141097452905763
0.5141119175342848
0.5141140908161727
0.5141162651363517
0.5141184404949419
0.5141206168920712
0.5141227943278759
0.5141249728024999
0.5141271523160957
0.5141293328688241
0.514131514460854
0.5141336970923632
0.5141358807635373
0.5141380654745707
0.5141402512256668
0.5141424380170366
0.514144625848901
0.5141468147214889
0.5141490046350382
0.5141511955897954
0.5141533875860167
0.5141555806239664
0.5141577747039185
0.5141599698261555
0.5141621659909699
0.5141643631986627
0.5141665614495445
0.5141687607439351
0.5141709610821639
0.5141731624645697
0.5141753648915006
0.5141775683633147
0.5141797728803797
0.5141819784430727
0.5141841850517807
0.5141863927069005
0.514188601408839
0.5141908111580134
0.5141930219548495
0.5141952337997847
0.5141974466932657
0.5141996606357502
0.5142018756277049
0.5142040916696082
0.5142063087619476
0.514208526905222
0.5142107460999406
0.5142129663466228
0.514215187645799
0.51421740999801
0.5142196334038078
0.5142218578637547
0.514224083378424
0.5142263099484002
0.5142285375742786
0.5142307662566658
0.5142329959961789
0.5142352267934467
0.5142374586491094
0.514239691563818
0.5142419255382351
0.514244160573035
0.514246396668903
0.5142486338265365
0.5142508720466437
0.5142531113299453
0.5142553516771735
0.5142575930890723
0.5142598355663971
0.5142620791099161
0.5142643237204088
0.514266569398667
0.5142688161454947
0.5142710639617079
0.514273312848135
0.5142755628056165
0.5142778138350056
0.5142800659371677
0.5142823191129806
0.5142845733633349
0.5142868286891338
0.5142890850912927
0.5142913425707406
0.5142936011284187
0.5142958607652812
0.5142981214822951
0.5143003832804408
0.5143026461607116
0.5143049101241135
0.5143071751716665
0.5143094413044028
0.5143117085233689
0.5143139768296244
0.5143162462242421
0.5143185167083081
0.5143207882829228
0.5143230609491998
0.5143253347082664
0.5143276095612634
0.5143298855093463
0.5143321625536835
0.514334440695458
0.5143367199358662
0.5143390002761192
0.5143412817174422
0.5143435642610743
0.5143458479082685
0.5143481326602932
0.5143504185184307
0.5143527054839772
0.5143549935582441
0.5143572827425571
0.5143595730382569
0.5143618644466985
0.5143641569692519
0.5143664506073018
0.5143687453622479
0.5143710412355051
0.5143733382285031
0.5143756363426865
0.5143779355795154
0.5143802359404651
0.5143825374270261
0.5143848400407044
0.5143871437830211
0.5143894486555131
0.5143917546597329
0.5143940617972481
0.5143963700696428
0.514398679478516
0.5144009900254832
0.5144033017121756
0.5144056145402398
0.5144079285113392
0.514410243627153
0.5144125598893761
0.5144148772997201
0.5144171958599129
0.5144195155716983
0.5144218364368366
0.514424158457105
0.5144264816342966
0.5144288059702219
0.5144311314667069
0.5144334581255956
0.5144357859487476
0.5144381149380401
0.5144404450953672
0.5144427764226396
0.514445108921785
0.5144474425947487
0.5144497774434927
0.5144521134699966
0.5144544506762571
0.5144567890642879
0.5144591286361211
0.5144614693938053
0.5144638113394072
0.514466154475011
0.5144684988027184
0.5144708443246492
0.5144731910429404
0.5144755389597481
0.5144778880772449
0.5144802383976222
0.5144825899230897
0.5144849426558744
0.5144872965982221
0.514489651752397
0.5144920081206813
0.5144943657053755
0.5144967245087989
0.5144990845332892
0.5145014457812027
0.5145038082549142
0.5145061719568176
0.514508536889325
0.5145109030548679
0.5145132704558968
0.5145156390948804
0.5145180089743073
0.5145203800966845
0.514522752464539
0.5145251260804161
0.5145275009468813
0.5145298770665188
0.5145322544419328
0.5145346330757462
0.5145370129706023
0.5145393941291635
0.5145417765541123
0.5145441602481508
0.5145465452140003
0.5145489314544032
0.5145513189721208
0.5145537077699351
0.5145560978506476
0.5145584892170805
0.5145608818720758
0.514563275818496
0.5145656710592239
0.5145680675971627
0.5145704654352359
0.5145728645763878
0.5145752650235833
0.5145776667798074
0.5145800698480667
0.5145824742313881
0.5145848799328194
0.5145872869554291
0.5145896953023075
0.5145921049765645
0.5145945159813325
0.5145969283197647
0.514599341995035
0.5146017570103394
0.5146041733688944
0.5146065910739389
0.5146090101287324
0.5146114305365566
0.5146138523007144
0.5146162754245308
0.5146186999113523
0.5146211257645469
0.5146235529875052
0.5146259815836394
0.5146284115563833
0.5146308429091935
0.5146332756455481
0.5146357097689478
0.5146381452829156
0.5146405821909965
0.5146430204967583
0.5146454602037909
0.5146479013157064
0.5146503438361404
0.5146527877687506
0.5146552331172172
0.5146576798852437
0.5146601280765561
0.5146625776949031
0.5146650287440572
0.5146674812278127
0.514669935149988
0.514672390514424
0.5146748473249856
0.5146773055855598
0.5146797653000579
0.5146822264724142
0.5146846891065866
0.5146871532065564
0.5146896187763289
0.5146920858199322
0.5146945543414189
0.514697024344865
0.5146994958343702
0.5147019688140588
0.514704443288078
0.5147069192606002
0.5147093967358207
0.51471187571796
0.5147143562112619
0.5147168382199951
0.5147193217484523
0.5147218068009509
0.5147242933818322
0.514726781495463
0.5147292711462332
0.5147317623385588
0.5147342550768796
0.5147367493656605
0.5147392452093911
0.5147417426125861
0.5147442415797845
0.514746742115551
0.5147492442244752
0.5147517479111717
0.5147542531802801
0.5147567600364658
0.5147592684844187
0.5147617785288547
0.5147642901745151
0.5147668034261661
0.5147693182886
0.5147718347666345
0.5147743528651131
0.5147768725889046
0.5147793939429043
0.5147819169320322
0.5147844415612356
0.5147869678354866
0.5147894957597839
0.5147920253391519
0.5147945565786415
0.5147970894833295
0.514799624058319
0.5148021603087394
0.5148046982397467
0.5148072378565228
0.5148097791642765
0.5148123221682429
0.5148148668736838
0.5148174132858877
0.5148199614101695
0.5148225112518712
0.5148250628163613
0.5148276161090353
0.5148301711353157
0.5148327279006517
0.5148352864105201
0.5148378466704242
0.5148404086858943
0.514842972462489
0.5148455380057927
0.514848105321418
0.5148506744150045
0.5148532452922199
0.514855817958758
0.5148583924203415
0.5148609686827199
0.5148635467516706
0.5148661266329984
0.5148687083325363
0.5148712918561447
0.5148738772097119
0.5148764643991541
0.5148790534304155
0.5148816443094685
0.5148842370423128
0.5148868316349772
0.5148894280935177
0.5148920264240191
0.5148946266325941
0.5148972287253841
0.5148998327085587
0.5149024385883154
0.5149050463708809
0.5149076560625098
0.5149102676694852
0.5149128811981193
0.514915496654753
0.514918114045755
0.5149207333775236
0.5149233546564855
0.5149259778890962
0.5149286030818403
0.514931230241231
0.5149338593738106
0.5149364904861508
0.5149391235848514
0.5149417586765423
0.5149443957678822
0.5149470348655586
0.5149496759762886
0.5149523191068187
0.5149549642639243
0.5149576114544104
0.5149602606851114
0.5149629119628913
0.5149655652946432
0.51496822068729
0.5149708781477841
0.5149735376831075
0.5149761993002717
0.5149788630063183
0.5149815288083182
0.5149841967133723
0.514986866728611
0.5149895388611953
0.5149922131183148
0.5149948895071901
0.5149975680350716
0.5150002487092391
0.5150029315370033
0.5150056165257039
0.5150083036827116
0.5150109930154267
0.5150136845312802
0.5150163782377324
0.5150190741422749
0.5150217722524287
0.5150244725757455
0.515027175119807
0.5150298798922259
0.5150325869006447
0.5150352961527362
0.5150380076562044
0.515040721418783
0.5150434374482367
0.5150461557523602
0.5150488763389791
0.5150515992159499
0.5150543243911588
0.5150570518725236
0.5150597816679923
0.5150625137855434
0.5150652482331864
0.5150679850189617
0.5150707241509396
0.5150734656372221
0.5150762094859417
0.5150789557052615
0.5150817043033754
0.5150844552885089
0.515087208668917
0.5150899644528868
0.5150927226487361
0.5150954832648126
0.5150982463094964
0.5151010117911976
0.5151037797183573
0.5151065500994483
0.5151093229429733
0.5151120982574668
0.5151148760514944
0.5151176563336519
0.5151204391125666
0.5151232243968971
0.5151260121953326
0.5151288025165934
0.5151315953694316
0.5151343907626295
0.515137188705
0.5151399892053886
0.5151427922726709
0.5151455979157535
0.5151484061435745
0.5151512169651029
0.5151540303893386
0.5151568464253128
0.5151596650820878
0.5151624863687567
0.515165310294444
0.5151681368683049
0.5151709660995258
0.5151737979973245
0.5151766325709494
0.5151794698296798
0.5151823097828264
0.5151851524397308
0.5151879978097655
0.5151908459023342
0.5151936967268711
0.515196550292842
0.5151994066097428
0.5152022656871011
0.5152051275344752
0.5152079921614539
0.5152108595776573
0.5152137297927359
0.5152166028163717
0.5152194786582767
0.5152223573281939
0.5152252388358973
0.5152281231911915
0.5152310104039117
0.5152339004839236
0.5152367934411238
0.5152396892854396
0.5152425880268282
0.5152454896752778
0.5152483942408072
0.515251301733465
0.5152542121633308
0.5152571255405147
0.5152600418751566
0.5152629611774265
0.5152658834575257
0.5152688087256843
0.5152717369921632
0.5152746682672539
0.5152776025612771
0.5152805398845837
0.5152834802475549
0.5152864236606011
0.5152893701341633
0.5152923196787116
0.5152952723047463
0.5152982280227968
0.5153011868434225
0.5153041487772124
0.5153071138347846
0.5153100820267865
0.5153130533638952
0.5153160278568167
0.5153190055162868
0.5153219863530694
0.5153249703779581
0.5153279576017754
0.5153309480353723
0.5153339416896291
0.5153369385754542
0.5153399387037851
0.5153429420855878
0.5153459487318561
0.5153489586536133
0.5153519718619097
0.5153549883678249
0.5153580081824655
0.515361031316967
0.5153640577824922
0.5153670875902319
0.5153701207514043
0.5153731572772555
0.5153761971790591
0.5153792404681159
0.5153822871557537
0.5153853372533275
0.5153883907722197
0.5153914477238395
0.5153945081196223
0.5153975719710306
0.5154006392895536
0.5154037100867064
0.515406784374031
0.5154098621630947
0.5154129434654917
0.5154160282928413
0.5154191166567892
0.5154222085690062
0.5154253040411887
0.5154284030850584
0.5154315057123625
0.5154346119348727
0.5154377217643857
0.5154408352127231
0.5154439522917307
0.5154470730132792
0.5154501973892631
0.5154533254316012
0.515456457152236
0.5154595925631338
0.5154627316762848
0.5154658745037018
0.5154690210574218
0.5154721713495038
0.5154753253920306
0.5154784831971069
0.5154816447768603
0.5154848101434408
0.5154879793090198
0.5154911522857915
0.5154943290859707
0.5154975097217949
0.5155006942055221
0.5155038825494317
0.5155070747658235
0.5155102708670188
0.5155134708653585
0.5155166747732041
0.515519882602937
0.5155230943669584
0.515526310077689
0.5155295297475692
0.5155327533890577
0.5155359810146325
0.5155392126367904
0.5155424482680456
0.5155456879209319
0.5155489316079997
0.5155521793418172
0.5155554311349706
0.5155586870000621
0.5155619469497119
0.5155652109965556
0.515568479153246
0.5155717514324513
0.5155750278468552
0.5155783084091579
0.5155815931320734
0.5155848820283315
0.5155881751106762
0.5155914723918656
0.5155947738846722
0.5155980796018819
0.5156013895562935
0.5156047037607197
0.5156080222279853
0.5156113449709276
0.5156146720023962
0.5156180033352521
0.5156213389823681
0.5156246789566274
0.5156280232709247
0.515631371938165
0.5156347249712625
0.5156380823831421
0.5156414441867376
0.5156448103949918
0.515648181020856
0.5156515560772897
0.5156549355772608
0.5156583195337441
0.5156617079597214
0.5156651008681821
0.5156684982721207
0.5156719001845388
0.5156753066184427
0.5156787175868442
0.5156821331027598
0.5156855531792103
0.5156889778292202
0.5156924070658175
0.5156958409020337
0.5156992793509023
0.5157027224254594
0.5157061701387425
0.5157096225037905
0.5157130795336434
0.5157165412413409
0.5157200076399236
0.5157234787424307
0.5157269545619007
0.5157304351113705
0.5157339204038753
0.5157374104524473
0.5157409052701163
0.5157444048699085
0.5157479092648459
0.5157514184679464
0.5157549324922223
0.5157584513506812
0.515761975056324
0.5157655036221458
0.5157690370611336
0.515772575386268
0.5157761186105203
0.5157796667468539
0.5157832198082224
0.5157867778075698
0.5157903407578298
0.5157939086719251
0.5157974815627665
0.5158010594432532
0.5158046423262712
0.5158082302246938
0.5158118231513793
0.5158154211191729
0.5158190241409031
0.515822632229384
0.5158262453974125
0.515829863657769
0.5158334870232159
0.5158371155064969
0.5158407491203378
0.5158443878774441
0.5158480317905009
0.5158516808721725
0.5158553351351021
0.5158589945919101
0.5158626592551936
0.5158663291375267
0.5158700042514589
0.5158736846095142
0.5158773702241918
0.5158810611079632
0.5158847572732732
0.5158884587325387
0.5158921654981475
0.5158958775824589
0.5158995949978004
0.5159033177564699
0.5159070458707329
0.5159107793528225
0.5159145182149381
0.5159182624692461
0.5159220121278767
0.5159257672029252
0.5159295277064501
0.5159332936504728
0.5159370650469762
0.5159408419079046
0.5159446242451623
0.5159484120706125
0.5159522053960779
0.5159560042333382
0.5159598085941295
0.5159636184901446
0.5159674339330304
0.5159712549343888
0.5159750815057745
0.5159789136586941
0.5159827514046065
0.5159865947549201
0.5159904437209938
0.5159942983141342
0.515998158545596
0.516002024426581
0.5160058959682361
0.5160097731816533
0.5160136560778682
0.5160175446678597
0.5160214389625478
0.5160253389727942
0.5160292447093998
0.5160331561831049
0.5160370734045867
0.51604099638446
0.5160449251332753
0.516048859661517
0.5160527999796041
0.5160567460978879
0.5160606980266504
0.5160646557761053
0.5160686193563945
0.5160725887775892
0.5160765640496864
0.5160805451826107
0.5160845321862102
0.5160885250702575
0.5160925238444475
0.5160965285183972
0.5161005391016432
0.5161045556036414
0.5161085780337661
0.516112606401308
0.5161166407154734
0.5161206809853836
0.5161247272200722
0.5161287794284857
0.5161328376194808
0.516136901801824
0.5161409719841901
0.5161450481751605
0.5161491303832231
0.5161532186167699
0.5161573128840963
0.5161614131933994
0.5161655195527771
0.5161696319702271
0.5161737504536446
0.5161778750108217
0.5161820056494456
0.5161861423770984
0.5161902852012539
0.5161944341292779
0.516198589168426
0.5162027503258423
0.5162069176085585
0.5162110910234915
0.5162152705774434
0.5162194562770985
0.5162236481290237
0.5162278461396647
0.5162320503153474
0.5162362606622737
0.5162404771865224
0.5162446998940461
0.5162489287906702
0.5162531638820917
0.5162574051738774
0.5162616526714625
0.5162659063801492
0.5162701663051052
0.5162744324513617
0.5162787048238122
0.5162829834272114
0.5162872682661724
0.5162915593451667
0.5162958566685216
0.5163001602404187
0.5163044700648927
0.5163087861458291
0.5163131084869638
0.5163174370918798
0.5163217719640077
0.5163261131066217
0.5163304605228398
0.516334814215621
0.5163391741877645
0.5163435404419074
0.5163479129805233
0.5163522918059205
0.5163566769202401
0.516361068325455
0.5163654660233672
0.516369870015607
0.5163742803036304
0.5163786968887181
0.5163831197719732
0.5163875489543198
0.516391984436501
0.5163964262190777
0.5164008743024251
0.5164053286867332
0.5164097893720037
0.516414256358048
0.516418729644486
0.516423209230744
0.5164276951160531
0.5164321872994465
0.516436685779759
0.5164411905556239
0.5164457016254717
0.5164502189875284
0.5164547426398128
0.5164592725801359
0.5164638088060977
0.5164683513150854
0.516472900104273
0.5164774551706174
0.5164820165108577
0.5164865841215125
0.5164911579988782
0.516495738139028
0.5165003245378081
0.5165049171908374
0.516509516093504
0.5165141212409646
0.516518732628142
0.5165233502497224
0.516527974100154
0.5165326041736457
0.5165372404641636
0.5165418829654296
0.51654653167092
0.5165511865738622
0.5165558476672341
0.51656051494376
0.5165651883959108
0.5165698680159008
0.5165745537956852
0.5165792457269588
0.5165839438011534
0.516588648009436
0.5165933583427069
0.5165980747915966
0.5166027973464646
0.5166075259973973
0.5166122607342052
0.5166170015464213
0.5166217484232984
0.516626501353808
0.516631260326637
0.5166360253301859
0.5166407963525668
0.5166455733816018
0.5166503564048188
0.5166551454094521
0.516659940382438
0.5166647413104137
0.5166695481797146
0.5166743609763725
0.5166791796861133
0.5166840042943542
0.5166888347862026
0.5166936711464529
0.5166985133595848
0.5167033614097607
0.516708215280824
0.5167130749562961
0.5167179404193752
0.5167228116529334
0.516727688639514
0.5167325713613303
0.5167374598002629
0.5167423539378572
0.5167472537553213
0.5167521592335241
0.5167570703529928
0.5167619870939102
0.5167669094361133
0.5167718373590903
0.5167767708419788
0.5167817098635634
0.5167866544022734
0.5167916044361804
0.5167965599429964
0.5168015209000716
0.5168064872843912
0.5168114590725743
0.516816436240871
0.5168214187651607
0.516826406620949
0.5168313997833658
0.5168363982271637
0.5168414019267143
0.516846410856008
0.5168514249886496
0.516856444297857
0.5168614687564599
0.5168664983368956
0.5168715330112084
0.5168765727510465
0.51688161752766
0.5168866673118988
0.51689172207421
0.5168967817846362
0.516901846412813
0.516906915927966
0.5169119902989106
0.5169170694940476
0.5169221534813623
0.5169272422284217
0.516932335702373
0.5169374338699403
0.5169425366974235
0.5169476441506957
0.516952756195201
0.5169578727959518
0.5169629939175281
0.5169681195240736
0.5169732495792947
0.5169783840464586
0.5169835228883896
0.5169886660674687
0.5169938135456305
0.5169989652843618
0.5170041212446982
0.5170092813872239
0.5170144456720681
0.5170196140589032
0.5170247865069438
0.5170299629749431
0.5170351434211918
0.517040327803516
0.5170455160792753
0.5170507082053599
0.5170559041381895
0.5170611038337114
0.5170663072473983
0.5170715143342457
0.5170767250487703
0.5170819393450096
0.5170871571765173
0.5170923784963635
0.5170976032571316
0.5171028314109173
0.5171080629093259
0.5171132977034715
0.5171185357439737
0.5171237769809575
0.5171290213640498
0.5171342688423791
0.5171395193645727
0.5171447728787554
0.5171500293325478
0.5171552886730643
0.5171605508469116
0.5171658158001871
0.5171710834784764
0.5171763538268539
0.5171816267898778
0.5171869023115918
0.517192180335521
0.5171974608046721
0.5172027436615304
0.5172080288480598
0.5172133163056999
0.5172186059753651
0.5172238977974434
0.5172291917117944
0.517234487657748
0.5172397855741037
0.5172450853991282
0.5172503870705549
0.5172556905255816
0.5172609957008703
0.5172663025325449
0.5172716109561908
0.5172769209068532
0.5172822323190356
0.5172875451267
0.5172928592632633
0.5172981746615984
0.5173034912540324
0.5173088089723451
0.5173141277477682
0.5173194475109841
0.5173247681921257
0.5173300897207747
0.5173354120259598
0.5173407350361582
0.5173460586792925
0.5173513828827307
0.5173567075732851
0.5173620326772121
0.5173673581202107
0.517372683827422
0.5173780097234291
0.517383335732255
0.5173886617773638
0.5173939877816585
0.517399313667481
0.517404639356612
0.5174099647702695
0.5174152898291093
0.5174206144532244
0.5174259385621434
0.5174312620748319
0.5174365849096907
0.5174419069845562
0.5174472282167001
0.5174525485228288
0.5174578678190838
0.5174631860210406
0.5174685030437095
0.5174738188015348
0.517479133208395
0.5174844461776033
0.5174897576219063
0.5174950674534855
0.5175003755839563
0.5175056819243686
0.5175109863852072
0.5175162888763913
0.5175215893072751
0.5175268875866486
0.5175321836227367
0.517537477323201
0.5175427685951387
0.5175480573450842
0.5175533434790094
0.5175586269023233
0.5175639075198737
0.5175691852359472
0.5175744599542699
0.5175797315780082
0.5175850000097695
0.5175902651516027
0.5175955269049997
0.517600785170895
0.5176060398496681
0.5176112908411433
0.5176165380445912
0.5176217813587296
0.5176270206817241
0.5176322559111906
0.5176374869441946
0.5176427136772539
0.5176479360063391
0.5176531538268748
0.5176583670337412
0.5176635755212761
0.5176687791832747
0.5176739779129927
0.517679171603147
0.5176843601459172
0.5176895434329476
0.5176947213553487
0.5176998938036987
0.5177050606680454
0.5177102218379084
0.5177153772022799
0.5177205266496273
0.5177256700678958
0.5177308073445088
0.5177359383663711
0.5177410630198702
0.5177461811908797
0.51775129276476
0.5177563976263607
0.5177614956600245
0.5177665867495872
0.5177716707783816
0.5177767476292395
0.5177818171844941
0.5177868793259828
0.5177919339350485
0.5177969808925447
0.517802020078835
0.5178070513737987
0.5178120746568317
0.51781708980685
0.5178220967022924
0.5178270952211236
0.5178320852408367
0.5178370666384564
0.5178420392905425
0.5178470030731921
0.5178519578620435
0.5178569035322791
0.5178618399586283
0.5178667670153717
0.5178716845763432
0.5178765925149347
0.5178814907040981
0.5178863790163503
0.5178912573237753
0.5178961254980292
0.517900983410342
0.5179058309315232
0.5179106679319646
0.517915494281644
0.5179203098501285
0.5179251145065799
0.5179299081197574
0.5179346905580218
0.5179394616893396
0.5179442213812872
0.5179489695010545
0.5179537059154495
0.5179584304909033
0.5179631430934716
0.5179678435888424
0.5179725318423383
0.5179772077189211
0.5179818710831965
0.5179865217994191
0.5179911597314957
0.517995784742991
0.5180003966971315
0.5180049954568107
0.5180095808845933
0.5180141528427205
0.5180187111931138
0.5180232557973814
0.5180277865168219
0.5180323032124291
0.5180368057448979
0.5180412939746285
0.5180457677617325
0.5180502269660362
0.5180546714470877
0.518059101064161
0.5180635156762612
0.5180679151421301
0.518072299320252
0.5180766680688578
0.5180810212459315
0.518085358709215
0.5180896803162142
0.5180939859242035
0.5180982753902328
0.5181025485711316
0.5181068053235156
0.5181110455037923
0.5181152689681661
0.5181194755726446
0.5181236651730449
0.5181278376249977
0.5181319927839552
0.5181361305051951
0.5181402506438287
0.5181443530548047
0.5181484375929164
0.5181525041128077
0.5181565524689788
0.5181605825157927
0.5181645941074808
0.5181685870981496
0.5181725613417872
0.5181765166922684
0.5181804530033617
0.5181843701287357
0.5181882679219658
0.5181921462365391
0.5181960049258624
0.5181998438432678
0.5182036628420195
0.5182074617753195
0.518211240496316
0.5182149988581068
0.5182187367137499
0.518222453916266
0.5182261503186483
0.5182298257738676
0.5182334801348785
0.518237113254628
0.5182407249860606
0.5182443151821252
0.5182478836957828
0.5182514303800119
0.518254955087817
0.5182584576722336
0.5182619379863364
0.5182653958832459
0.518268831216135
0.5182722438382354
0.5182756336028461
0.5182790003633388
0.5182823439731659
0.5182856642858663
0.5182889611550741
0.5182922344345234
0.518295483978058
0.5182987096396361
0.5183019112733382
0.518305088733375
0.5183082418740929
0.5183113705499821
0.5183144746156836
0.5183175539259965
0.5183206083358844
0.518323637700483
0.5183266418751074
0.518329620715259
0.5183325740766327
0.5183355018151241
0.5183384037868367
0.5183412798480891
0.5183441298554217
0.5183469536656046
0.518349751135645
0.518352522122793
0.5183552664845501
0.518357984078676
0.5183606747631957
0.518363338396407
0.5183659748368872
0.5183685839435006
0.5183711655754062
0.5183737195920635
0.5183762458532413
0.518378744219024
0.5183812145498188
0.5183836567063631
0.518386070549732
0.5183884559413443
0.5183908127429713
0.5183931408167428
0.5183954400251544
0.518397710231075
0.5183999512977538
0.5184021630888275
0.5184043454683271
0.5184064983006852
0.5184086214507432
0.5184107147837584
0.5184127781654109
0.5184148114618103
0.5184168145395042
0.518418787265483
0.5184207295071888
0.5184226411325217
0.5184245220098467
0.5184263720080006
0.5184281909962991
0.5184299788445441
0.5184317354230299
0.5184334606025507
0.5184351542544068
0.5184368162504122
0.5184384464629008
0.518440044764734
0.5184416110293065
0.518443145130554
0.5184446469429584
0.5184461163415572
0.5184475532019475
0.5184489574002937
0.5184503288133349
0.5184516673183899
0.5184529727933657
0.518454245116762
0.5184554841676796
0.5184566898258254
0.5184578619715201
0.5184590004857036
0.5184601052499421
0.5184611761464344
0.5184622130580177
0.5184632158681746
0.5184641844610393
0.5184651187214031
0.5184660185347213
0.5184668837871197
0.5184677143653997
0.5184685101570453
0.518469271050229
0.518469996933817
0.5184706876973768
0.5184713432311816
0.5184719634262172
0.5184725481741874
0.5184730973675202
0.5184736108993734
0.5184740886636401
0.5184745305549547
0.5184749364686992
0.5184753063010075
0.5184756399487723
0.5184759373096497
0.5184761982820655
0.5184764227652199
0.5184766106590932
0.5184767618644524
0.5184768762828539
0.5184769538166515
0.5184769943689997
0.5184769978438606
0.5184769641460073
0.5184768931810302
0.518476784855342
0.5184766390761819
0.5184764557516215
0.5184762347905696
0.518475976102776
0.518475679598838
0.518475345190204
0.5184749727891781
0.518474562308926
0.5184741136634782
0.5184736267677356
0.5184731015374737
0.5184725378893466
0.5184719357408922
0.5184712950105361
0.5184706156175959
0.5184698974822859
0.5184691405257206
0.5184683446699196
0.518467509837811
0.5184666359532363
0.5184657229409535
0.5184647707266413
0.5184637792369037
0.518462748399273
0.5184616781422134
0.5184605683951261
0.5184594190883511
0.5184582301531726
0.5184570015218208
0.518455733127477
0.518454424904276
0.51845307678731
0.5184516887126316
0.5184502606172576
0.5184487924391712
0.5184472841173263
0.51844573559165
0.5184441468030457
0.5184425176933963
0.5184408482055666
0.5184391382834068
0.5184373878717551
0.51843559691644
0.5184337653642838
0.5184318931631047
0.5184299802617194
0.5184280266099459
0.5184260321586055
0.5184239968595256
0.518421920665542
0.5184198035305011
0.5184176454092617
0.5184154462576982
0.5184132060327017
0.5184109246921826
0.5184086021950721
0.5184062385013246
0.5184038335719198
0.5184013873688634
0.5183988998551898
0.5183963709949638
0.5183938007532817
0.5183911890962734
0.5183885359911029
0.5183858414059713
0.518383105310117
0.5183803276738175
0.5183775084683904
0.518374647666195
0.5183717452406328
0.5183688011661495
0.5183658154182353
0.518362787973426
0.5183597188093044
0.5183566079045001
0.5183534552386916
0.5183502607926062
0.5183470245480205
0.5183437464877619
0.5183404265957087
0.51833706485679
0.5183336612569867
0.5183302157833326
0.5183267284239131
0.518323199167867
0.5183196280053854
0.5183160149277133
0.5183123599271481
0.5183086629970406
0.5183049241317954
0.5183011433268692
0.5182973205787726
0.5182934558850683
0.5182895492443719
0.518285600656351
0.5182816101217249
0.5182775776422646
0.5182735032207919
0.5182693868611791
0.5182652285683478
0.5182610283482694
0.5182567862079631
0.5182525021554965
0.5182481761999832
0.5182438083515837
0.5182393986215028
0.5182349470219896
0.5182304535663362
0.5182259182688774
0.5182213411449877
0.518216722211082
0.5182120614846131
0.5182073589840711
0.518202614728982
0.5181978287399058
0.5181930010384355
0.5181881316471957
0.5181832205898401
0.5181782678910516
0.5181732735765386
0.5181682376730352
0.5181631602082978
0.5181580412111042
0.5181528807112522
0.5181476787395564
0.5181424353278467
0.5181371505089672
0.518131824316773
0.5181264567861285
0.5181210479529051
0.5181155978539799
0.5181101065272316
0.5181045740115404
0.5180990003467836
0.5180933855738346
0.5180877297345603
0.5180820328718179
0.5180762950294533
0.5180705162522972
0.5180646965861639
0.5180588360778485
0.5180529347751232
0.518046992726735
0.5180410099824033
0.5180349865928171
0.5180289226096308
0.5180228180854638
0.5180166730738945
0.5180104876294598
0.518004261807651
0.5179979956649106
0.517991689258629
0.5179853426471428
0.5179789558897296
0.5179725290466063
0.5179660621789244
0.5179595553487684
0.5179530086191513
0.5179464220540106
0.517939795718207
0.5179331296775193
0.5179264239986405
0.5179196787491759
0.5179128939976378
0.5179060698134439
0.5178992062669115
0.5178923034292553
0.517885361372583
0.5178783801698917
0.5178713598950648
0.5178643006228668
0.5178572024289408
0.5178500653898038
0.5178428895828432
0.5178356750863125
0.5178284219793283
0.5178211303418649
0.5178138002547513
0.5178064317996665
0.5177990250591361
0.5177915801165277
0.5177840970560471
0.5177765759627334
0.517769016922456
0.5177614200219096
0.5177537853486099
0.5177461129908894
0.5177384030378938
0.5177306555795765
0.5177228707066955
0.5177150485108082
0.5177071890842668
0.5176992925202148
0.5176913589125827
0.5176833883560816
0.5176753809462011
0.5176673367792035
0.5176592559521193
0.5176511385627435
0.51764298470963
0.5176347944920878
0.517626568010176
0.5176183053646993
0.5176100066572036
0.5176016719899706
0.5175933014660143
0.5175848951890752
0.5175764532636163
0.5175679757948185
0.517559462888575
0.5175509146514874
0.5175423311908607
0.5175337126146985
0.5175250590316979
0.5175163705512457
0.5175076472834121
0.5174988893389474
0.5174900968292762
0.5174812698664927
0.517472408563356
0.5174635130332855
0.5174545833903555
0.5174456197492907
0.5174366222254609
0.517427590934877
0.5174185259941847
0.5174094275206608
0.5174002956322079
0.5173911304473493
0.5173819320852242
0.5173727006655827
0.517363436308781
0.5173541391357765
0.5173448092681223
0.5173354468279632
0.5173260519380298
0.517316624721634
0.5173071653026642
0.5172976738055797
0.5172881503554068
0.5172785950777327
0.5172690080987008
0.5172593895450067
0.5172497395438921
0.5172400582231398
0.5172303457110694
0.5172206021365329
0.5172108276289076
0.5172010223180933
0.5171911863345063
0.5171813198090747
0.517171422873233
0.5171614956589184
0.5171515382985643
0.5171415509250962
0.5171315336719269
0.5171214866729513
0.5171114100625412
0.5171013039755411
0.5170911685472623
0.5170810039134797
0.5170708102104249
0.5170605875747822
0.5170503361436842
0.5170400560547065
0.5170297474458627
0.5170194104555998
0.5170090452227933
0.5169986518867424
0.5169882305871651
0.5169777814641934
0.516967304658369
0.5169568003106378
0.5169462685623456
0.516935709555233
0.5169251234314314
0.5169145103334576
0.516903870404209
0.5168932037869598
0.5168825106253554
0.516871791063408
0.5168610452454927
0.5168502733163415
0.5168394754210401
0.5168286517050227
0.5168178023140668
0.5168069273942899
0.5167960270921447
0.5167851015544132
0.5167741509282042
0.5167631753609477
0.5167521750003907
0.5167411499945931
0.5167301004919223
0.5167190266410502
0.5167079285909477
0.5166968064908815
0.5166856604904081
0.5166744907393717
0.5166632973878981
0.5166520805863916
0.5166408404855297
0.5166295772362608
0.5166182909897974
0.5166069818976149
0.5165956501114445
0.5165842957832721
0.5165729190653319
0.5165615201101035
0.5165500990703078
0.5165386560989028
0.5165271913490803
0.5165157049742606
0.5165041971280907
0.516492667964438
0.5164811176373892
0.5164695463012441
0.5164579541105134
0.5164463412199142
0.516434707784367
0.516423053958991
0.5164113798991017
0.5163996857602069
0.5163879716980023
0.5163762378683693
0.516364484427371
0.5163527115312483
0.5163409193364168
0.5163291079994646
0.5163172776771465
0.5163054285263831
0.5162935607042562
0.5162816743680061
0.516269769675028
0.5162578467828695
0.5162459058492267
0.5162339470319423
0.5162219704890012
0.5162099763785284
0.516197964858786
0.51618593608817
0.5161738902252077
0.5161618274285547
0.5161497478569924
0.5161376516694248
0.5161255390248767
0.5161134100824898
0.5161012650015214
0.5160891039413406
0.5160769270614272
0.516064734521368
0.5160525264808549
0.5160403030996829
0.5160280645377469
0.5160158109550403
0.5160035425116521
0.5159912593677654
0.5159789616836546
0.5159666496196839
0.5159543233363048
0.5159419829940544
0.5159296287535535
0.5159172607755043
0.5159048792206895
0.5158924842499695
0.5158800760242812
0.5158676547046362
0.5158552204521194
0.5158427734278872
0.5158303137931659
0.5158178417092506
0.5158053573375037
0.5157928608393532
0.5157803523762917
0.5157678321098755
0.5157553002017228
0.5157427568135129
0.5157302021069847
0.5157176362439372
0.5157050593862259
0.5156924716957648
0.5156798733345234
0.5156672644645273
0.5156546452478564
0.5156420158466452
0.5156293764230818
0.5156167271394069
0.5156040681579144
0.5155913996409502
0.5155787217509121
0.5155660346502493
0.5155533385014623
0.5155406334671035
0.5155279197097757
0.5155151973921333
0.5155024666768813
0.5154897277267764
0.5154769807046268
0.515464225773292
0.5154514630956837
0.5154386928347663
0.5154259151535561
0.5154131302151237
0.5154003381825927
0.5153875392191419
0.5153747334880054
0.5153619211524724
0.5153491023758902
0.515336277321663
0.5153234461532541
0.5153106090341871
0.515297766128046
0.515284917598477
0.5152720636091906
0.5152592043239614
0.5152463399066306
0.515233470521107
0.5152205963313694
0.5152077175014667
0.5151948341955211
0.5151819465777298
0.5151690548123655
0.5151561590637799
0.5151432594964049
0.5151303562747553
0.5151174495634302
0.515104539527116
0.515091626330588
0.5150787101387138
0.5150657911164548
0.5150528694288694
0.5150399452411155
0.515027018718453
0.5150140900262471
0.5150011593299705
0.5149882267952073
0.514975292587655
0.5149623568731282
0.5149494198175626
0.5149364815870161
0.5149235423476746
0.5149106022658541
0.5148976615080043
0.5148847202407127
0.514871778630708
0.5148588368448639
0.5148458950502032
0.5148329534139013
0.5148200121032904
0.5148070712858643
0.5147941311292812
0.5147811918013696
0.5147682534701313
0.5147553163037465
0.5147423804705782
0.5147294461391771
0.5147165134782856
0.5147035826568438
0.5146906538439928
0.5146777272090806
0.5146648029216672
0.514651881151529
0.5146389620686656
0.5146260458433023
0.514613132645898
0.5146002226471504
0.5145873160179995
0.5145744129296351
0.5145615135535027
0.5145486180613073
0.5145357266250211
0.5145228394168889
0.5145099566094338
0.5144970783754635
0.5144842048880766
0.5144713363206681
0.5144584728469372
0.5144456146408923
0.5144327618768582
0.5144199147294823
0.5144070733737411
0.5143942379849478
0.5143814087387582
0.5143685858111774
0.5143557693785676
0.5143429596176547
0.514330156705535
0.5143173608196824
0.5143045721379563
0.5142917908386082
0.5142790171002889
0.5142662511020568
0.5142534930233844
0.5142407430441662
0.5142280013447267
0.5142152681058266
0.514202543508673
0.5141898277349243
0.5141771209667007
0.5141644233865899
0.5141517351776559
0.5141390565234478
0.5141263876080062
0.5141137286158723
0.5141010797320963
0.5140884411422437
0.5140758130324066
0.514063195589209
0.5140505889998164
0.5140379934519441
0.5140254091338652
0.5140128362344195
0.514000274943021
0.5139877254496673
0.5139751879449473
0.51396266262005
0.5139501496667722
0.513937649277529
0.5139251616453597
0.5139126869639381
0.5139002254275803
0.5138877772312531
0.5138753425705826
0.5138629216418634
0.5138505146420655
0.5138381217688445
0.5138257432205487
0.5138133791962277
0.5138010298956419
0.5137886955192692
0.5137763762683146
0.513764072344718
0.513751783951162
0.5137395112910809
0.5137272545686682
0.5137150139888847
0.5137027897574673
0.513690582080935
0.5136783911665996
0.5136662172225707
0.5136540604577651
0.5136419210819134
0.5136297993055685
0.5136176953401124
0.5136056093977631
0.5135935416915821
0.5135814924354823
0.5135694618442336
0.5135574501334699
0.5135454575196963
0.5135334842202961
0.5135215304535353
0.5135095964385703
0.5134976823954536
0.5134857885451393
0.5134739151094887
0.5134620623112764
0.5134502303741949
0.5134384195228601
0.5134266299828152
0.5134148619805371
0.5134031157434387
0.5133913914998746
0.513379689479144
0.5133680099114949
0.5133563530281273
0.513344719061196
0.5133331082438142
0.5133215208100548
0.5133099569949536
0.513298417034511
0.5132869011656932
0.5132754096264335
0.5132639426556336
0.5132525004931636
0.5132410833798633
0.5132296915575403
0.51321832526897
0.5132069847578963
0.5131956702690277
0.5131843820480372
0.5131731203415596
0.5131618853971885
0.5131506774634742
0.5131394967899188
0.5131283436269735
0.5131172182260336
0.513106120839433
0.5130950517204393
0.5130840111232484
0.5130729993029766
0.5130620165156545
0.5130510630182193
0.5130401390685067
0.5130292449252416
0.5130183808480301
0.5130075470973481
0.5129967439345322
0.5129859716217674
0.5129752304220765
0.512964520599307
0.5129538424181186
0.5129431961439694
0.5129325820431011
0.5129220003825254
0.5129114514300068
0.5129009354540472
0.5128904527238688
0.5128800035093954
0.5128695880812355
0.512859206710662
0.5128488596695916
0.5128385472305662
0.5128282696667293
0.5128180272518049
0.5128078202600737
0.5127976489663502
0.5127875136459574
0.5127774145747016
0.512767352028846
0.512757326285084
0.5127473376205108
0.5127373863125952
0.5127274726391503
0.5127175968783017
0.512707759308458
0.5126979602082781
0.5126881998566379
0.5126784785325966
0.5126687965153629
0.5126591540842584
0.5126495515186821
0.5126399890980724
0.5126304671018699
0.5126209858094778
0.5126115455002225
0.5126021464533124
0.5125927889477967
0.5125834732625238
0.5125741996760971
0.5125649684668303
0.5125557799127048
0.5125466342913216
0.5125375318798557
0.51252847295501
0.5125194577929642
0.5125104866693284
0.5125015598590923
0.5124926776365748
0.5124838402753727
0.5124750480483086
0.5124663012273779
0.5124576000836962
0.5124489448874437
0.5124403359078114
0.5124317734129455
0.5124232576698904
0.5124147889445327
0.5124063675015432
0.5123979936043194
0.5123896675149268
0.5123813894940394
0.5123731598008808
0.5123649786931634
0.5123568464270287
0.5123487632569855
0.5123407294358499
0.5123327452146816
0.5123248108427241
0.5123169265673411
0.5123090926339546
0.5123013092859818
0.5122935767647723
0.5122858953095456
0.5122782651573272
0.512270686542886
0.5122631596986709
0.5122556848547477
0.5122482622387361
0.5122408920757467
0.5122335745883186
0.512226309996356
0.5122190985170669
0.5122119403649006
0.5122048357514863
0.5121977848855723
0.512190787972964
0.5121838452164652
0.5121769568158183
0.5121701229676443
0.5121633438653854
0.5121566196992479
0.512149950656144
0.5121433369196373
0.5121367786698869
0.5121302760835941
0.5121238293339492
0.5121174385905789
0.5121111040194971
0.5121048257830532
0.5120986040398857
0.5120924389448743
0.5120863306490944
0.5120802792997726
0.5120742850402447
0.5120683480099134
0.5120624683442102
0.5120566461745559
0.5120508816283256
0.512045174828813
0.5120395258951991
0.5120339349425204
0.5120284020816399
0.5120229274192213
0.5120175110577028
0.512012153095275
0.5120068536258597
0.5120016127390917
0.5119964305203026
0.5119913070505056
0.5119862424063844
0.5119812366602836
0.5119762898802016
0.5119714021297851
0.5119665734683274
0.5119618039507682
0.5119570936276956
0.5119524425453517
0.5119478507456399
0.5119433182661349
0.5119388451400956
0.5119344313964798
0.5119300770599623
0.5119257821509549
0.5119215466856304
0.511917370675946
0.511913254129674
0.5119091970504308
0.5119051994377112
0.5119012612869237
0.5118973825894293
0.5118935633325824
0.5118898034997746
0.511886103070481
0.5118824620203078
0.511878880321045
0.5118753579407181
0.5118718948436454
0.511868490990495
0.5118651463383472
0.5118618608407548
0.5118586344478098
0.5118554671062107
0.5118523587593306
0.5118493093472894
0.5118463188070275
0.5118433870723795
0.5118405140741527
0.511837699740206
0.5118349439955294
0.511832246762327
0.5118296079601006
0.5118270275057353
0.5118245053135854
0.5118220412955625
0.5118196353612252
0.5118172874178688
0.5118149973706168
0.5118127651225124
0.5118105905746126
0.5118084736260813
0.5118064141742837
0.5118044121148805
0.5118024673419247
0.5118005797479558
0.5117987492240959
0.5117969756601458
0.5117952589446808
0.5117935989651464
0.511791995607953
0.5117904487585724
0.511788958301631
0.511787524121005
0.5117861460999129
0.5117848241210086
0.5117835580664727
0.5117823478181036
0.5117811932574063
0.5117800942656815
0.5117790507241116
0.5117780625138468
0.5117771295160889
0.5117762516121733
0.5117754286836494
0.5117746606123603
0.5117739472805175
0.5117732885707774
0.5117726843663122
0.5117721345508814
0.5117716390088989
0.5117711976254983
0.5117708102865969
0.5117704768789546
0.5117701972902329
0.5117699714090491
0.5117697991250287
0.511769680328855
0.5117696149123148
0.5117696027683427
0.5117696437910603
0.5117697378758144
0.5117698849192104
0.5117700848191437
0.5117703374748265
0.5117706427868127
0.5117710006570191
0.5117714109887417
0.5117718736866719
0.5117723886569057
0.5117729558069515
0.5117735750457342
0.5117742462835959
0.5117749694322926
0.5117757444049874
0.5117765711162412
0.5117774494819987
0.5117783794195722
0.5117793608476203
0.5117803936861252
0.5117814778563643
0.5117826132808803
0.5117837998834476
0.5117850375890338
0.5117863263237596
0.5117876660148551
0.5117890565906119
0.5117904979803334
0.5117919901142801
0.5117935329236137
0.5117951263403373
0.5117967702972315
0.5117984647277898
0.5118002095661491
0.511802004747018
0.5118038502056025
0.5118057458775289
0.5118076916987637
0.5118096876055315
0.511811733534229
0.511813829421339
0.5118159752033385
0.5118181708166084
0.5118204161973374
0.5118227112814262
0.5118250560043881
0.5118274503012488
0.5118298941064424
0.5118323873537076
0.5118349299759807
0.5118375219052878
0.5118401630726336
0.5118428534078917
0.5118455928396899
0.5118483812952962
0.5118512187005034
0.5118541049795119
0.5118570400548107
0.5118600238470589
0.5118630562749648
0.5118661372551639
0.5118692667020982
0.5118724445278913
0.5118756706422248
0.5118789449522153
0.5118822673622873
0.5118856377740477
0.5118890560861609
0.5118925221942209
0.5118960359906244
0.5118995973644447
0.5119032062013026
0.5119068623832395
0.5119105657885903
0.5119143162918537
0.5119181137635669
0.5119219580701755
0.5119258490739075
0.5119297866326447
0.5119337705997963
0.5119378008241706
0.5119418771498495
0.511945999416062
0.5119501674570567
0.5119543811019772
0.5119586401747371
0.5119629444938947
0.5119672938725286
0.511971688118114
0.5119761270324001
0.5119806104112863
0.5119851380447016
0.5119897097164814
0.5119943252042485
0.5119989842792916
0.5120036867064466
0.5120084322439773
0.5120132206434574
0.5120180516496531
0.5120229250004061
0.5120278404265182
0.5120327976516346
0.5120377963921305
0.5120428363569969
0.5120479172477259
0.5120530387582
0.5120582005745791
0.5120634023751888
0.5120686438304105
0.5120739246025712
0.5120792443458336
0.5120846027060872
0.512089999320841
0.5120954338191145
0.5121009058213315
0.5121064149392125
0.5121119607756691
0.5121175429246988
0.5121231609712773
0.5121288144912564
0.5121345030512574
0.5121402262085679
0.5121459835110369
0.512151774496972
0.5121575986950349
0.5121634556241381
0.5121693447933428
0.5121752657017541
0.5121812178384191
0.5121872006822231
0.512193213701787
0.5121992563553632
0.5122053280907329
0.5122114283451022
0.5122175565449991
0.5122237121061677
0.5122298944334656
0.5122361029207578
0.5122423369508121
0.5122485958951932
0.5122548791141566
0.5122611859565409
0.5122675157596619
0.5122738678492025
0.5122802415391048
0.5122866361314602
0.5122930509163983
0.5122994851719758
0.512305938164063
0.512312409146231
0.5123188973596364
0.512325402032906
0.5123319223820184
0.5123384576101864
0.5123450069077371
0.5123515694519907
0.512358144407137
0.5123647309241125
0.5123713281404733
0.5123779351802683
0.5123845511539102
0.5123911751580442
0.5123978062754149
0.5124044435747321
0.5124110861105341
0.5124177329230497
0.5124243830380555
0.5124310354667357
0.5124376892055351
0.512444343236013
0.5124509965246927
0.512457648022911
0.5124642966666619
0.5124709413764416
0.5124775810570877
0.5124842145976194
0.5124908408710696
0.5124974587343208
0.5125040670279337
0.512510664575974
0.5125172501858377
0.5125238226480715
0.5125303807361916
0.5125369232064997
0.5125434487978945
0.5125499562316815
0.5125564442113785
0.512562911422519
0.5125693565324516
0.5125757781901363
0.5125821750259373
0.5125885456514125
0.5125948886591004
0.5126012026223019
0.5126074860948595
0.5126137376109334
0.5126199556847735
0.5126261388104865
0.5126322854618028
0.5126383940918358
0.5126444631328393
0.5126504909959627
0.5126564760709985
0.51266241672613
0.5126683113076725
0.5126741581398121
0.5126799555243393
0.5126857017403808
0.5126913950441243
0.5126970336685431
0.5127026158231133
0.512708139693529
0.512713603441413
0.5127190052040242
0.512724343093959
0.5127296151988512
0.5127348195810663
0.5127399542773927
0.512745017298728
0.5127500066297614
0.5127549202286541
0.5127597560267124
0.5127645119280595
0.5127691858093021
0.5127737755191932
0.5127782788782923
0.512782693678619
0.5127870176833047
0.5127912486262414
0.5127953842117238
0.51279942211409
0.5128033599773574
0.512807195414855
0.5128109260088527
0.5128145493101864
0.5128180628378793
0.5128214640787598
0.5128247504870778
0.5128279194841133
0.512830968457787
0.5128338947622635
0.5128366957175533
0.5128393686091107
0.5128419106874301
0.5128443191676374
0.51284659122908
0.5128487240149129
0.5128507146316841
0.512852560148914
0.5128542575986762
0.5128558039751726
0.5128571962343084
0.5128584312932633
0.5128595060300627
0.5128604172831442
0.5128611618509247
0.5128617364913645
0.5128621379215305
0.5128623628171574
0.5128624078122077
0.5128622694984314
0.5128619444249236
0.5128614290976812
0.5128607199791606
0.5128598134878333
0.5128587059977406
0.5128573938380507
0.5128558732926134
0.5128541405995158
0.5128521919506387
0.5128500234912132
0.5128476313193777
0.5128450114857374
0.5128421599929226
0.5128390727951511
0.5128357457977895
0.5128321748569186
0.5128283557788994
0.5128242843199419
0.512819956185677
0.51281536703073
0.5128105124582976
0.512805388019729
0.5127999892141086
0.512794311487845
0.5127883502342625
0.5127821007931956
0.5127755584505914
0.5127687184381147
0.5127615759327583
0.5127541260564584
0.5127463638757187
0.512738284401236
0.5127298825875357
0.5127211533326121
0.5127120914775768
0.5127026918063136
0.5126929490451408
0.5126828578624828
0.5126724128685493
0.5126616086150207
0.5126504395947478
0.5126389002414553
0.5126269849294579
0.5126146879733862
0.5126020036279222
0.5125889260875457
0.5125754494862917
0.5125615678975203
0.5125472753336966
0.5125325657461843
0.512517433025051
0.5125018709988864
0.5124858734346359
0.5124694340374437
0.5124525464505141
0.5124352042549861
0.5124174009698207
0.5123991300517071
0.5123803848949822
0.512361158831567
0.5123414451309187
0.5123212370000014
0.5123005275832726
0.5122793099626881
0.512257577157725
0.512235322125423
0.5122125377604454
0.5121892168951587
0.5121653522997328
0.5121409366822602
0.5121159626888977
0.512090422904028
0.5120643098504425
0.512037615989548
0.5120103337215922
0.5119824553859165
0.5119539732612277
0.5119248795658974
0.5118951664582814
0.5118648260370664
0.5118338503416413
0.5118022313524926
0.511769960991626
0.5117370311230148
0.5117034335530747
0.5116691600311638
0.5116342022501137
0.5115985518467838
0.511562200402648
0.5115251394444061
0.5114873604446282
0.5114488548224245
0.5114096139441482
0.511369629124126
0.5113288916254213
0.5112873926606253
0.5112451233926839
0.511202074935751
0.5111582383560781
0.5111136046729334
0.5110681648595558
0.5110219098441393
0.5109748305108535
0.510926917700897
0.5108781622135826
0.5108285548074601
0.5107780862014729
0.5107267470761466
0.5106745280748178
0.5106214198048943
0.5105674128391533
0.5105124977170751
0.5104566649462126
0.5103999050035986
0.5103422083371882
0.5102835653673409
0.5102239664883366
0.5101634020699322
0.5101018624589536
0.5100393379809272
0.5099758189417486
0.5099112956293892
0.5098457583156426
0.5097791972579082
0.5097116027010129
0.5096429648790741
0.5095732740173985
0.509502520334422
0.5094306940436879
0.5093577853558637
0.5092837844807976
0.5092086816296137
0.5091324670168474
0.5090551308626183
0.5089766633948432
0.5088970548514882
0.5088162954828596
0.5087343755539342
0.5086512853467267
0.5085670151626988
0.5084815553252049
0.5083948961819756
0.5083070281076421
0.5082179415062957
0.5081276268140883
0.5080360745018675
0.5079432750778519
0.5078492190903412
0.5077538971304651
0.5076572998349667
0.5075594178890246
0.507460242029109
0.5073597630458736
0.5072579717870831
0.5071548591605746
0.5070504161372533
0.5069446337541232
0.5068375031173487
0.5067290154053503
0.5066191618719323
0.5065079338494413
0.5063953227519559
0.5062813200785072
0.5061659174163279
0.5060491064441299
0.5059308789354122
0.5058112267617929
0.5056901418963708
0.5055676164171111
0.5054436425102546
0.5053182124737552
0.5051913187207353
0.5050629537829676
0.5049331103143743
0.5048017810945501
0.5046689590323016
0.5045346371692052
0.5043988086831839
0.5042614668920956
0.5041226052573413
0.503982217387482
0.50384029704187
0.5036968381342927
0.5035518347366199
0.5034052810824674
0.5032571715708605
0.5031075007699065
0.5029562634204704
0.5028034544398525
0.5026490689254671
0.5024931021585205
0.5023355496076877
0.5021764069327823
0.5020156699884257
0.5018533348277032
0.5016893977058161
0.5015238550837195
0.5013567036317503
0.5011879402332376
0.5010175619881001
0.5008455662164221
0.5006719504620122
0.5004967124959374
0.5003198503200346
0.500141362170395
0.4999612465208202
0.4997795020862479
0.49959612782614665
0.499411122947872
0.49922448690998905
0.499036219425555
0.49884632046535904
0.4986547902611199
0.49846162930863597
0.49826683837088775
0.4980704184810893
0.4978723709456854
0.49767269734729636
0.4974713995475981
0.49726847969014987
0.49706394020315137
0.49685778380213896
0.4966500134926115
0.4964406325725864
0.496229644635081
0.4960170535705194
0.49580286356905984
0.49558707912284217
0.4953697050281481
0.4951507463874803
0.49493020861154674
0.4947080974211575
0.4944844188490254
0.49425917924146834
0.4940323852600147
0.4938040438829034
0.49357416240648017
0.4933427484464867
0.49310980993923725
0.49287535514268377
0.49263939263736467
0.49240193132723487
0.49216298044037554
0.49192254952957865
0.49168064847280746
0.49143728747352566
0.4911924770608966
0.4909462280898486
0.49069855174100363
0.4904494595204648
0.4901989632594669
0.489947075113879
0.489693807563563
0.4894391734115827
0.4891831857832631
0.4889258581250939
0.4886672042034818
0.48840723810334175
0.48814597422652845
0.48788342729011
0.4876196123244725
0.4873545446712633
0.48708823998116335
0.48682071421149253
0.48655198362364116
0.48628206478033154
0.48601097454270176
0.48573873006721496
0.4854653488023909
0.4851908484853569
0.48491524713822004
0.48463856306425623
0.48436081484391635
0.48408202133064826
0.4838022016465352
0.48352137517774463
0.4832395615697934
0.48295678072262327
0.48267305278548855
0.48238839815165596
0.48210283745291127
0.48181639155388145
0.4815290815461629
0.48124092874226
0.4809519546693344
0.480662181062764
0.48037162985951076
0.4800803231912995
0.4797882833776076
0.47949553291846425
0.4792020944870642
0.47890799092219016
0.47861324522045195
0.47831788052833857
0.4780219201340835
0.4777253874593519
0.4774283060507392
0.47713069957109405
0.4768325917906596
0.476534006578038
0.47623496789098074
0.47593549976700267
0.47563562631382733
0.4753353716996608
0.475034760143301
0.47473381590407954
0.4744325632716449
0.47413102655558453
0.4738292300748908
0.4735271981472753
0.4732249550783314
0.47292252515055044
0.47261993261219526
0.47231720166603225
0.4720143564579294
0.47171142106531927
0.4714084194855369
0.4711053756240281
0.4708023132824432
0.47049925614661064
0.4701962277744011
0.4698932515834831
0.46959035083897804
0.4692875486410168
0.4689848679122033
0.4686823313849921
0.46837996158898226
0.4680777808381356
0.46777581121792217
0.46747407457240253
0.4671725924912449
0.4668713862966951
0.46657047703049026
0.4662698854407384
0.46596963196875485
0.46566973673587253
0.46537021953022994
0.46507109979353994
0.4647723966078494
0.4644741286822958
0.46417631433986817
0.46387897150417745
0.4635821176862456
0.4632857699713198
0.46298994500571794
0.4626946589837162
0.46239992763448223
0.46210576620906463
0.46181218946744496
0.4615192116656609
0.46122684654300755
0.46093510730932796
0.46064400663239563
0.4603535566254028
0.46006376883456035
0.45977465422681707
0.45948622317770904
0.4591984854593453
0.4589114502285415
0.4586251260151072
0.4583395207102972
0.4580546415554383
0.4577704951307345
0.45748708734426563
0.45720442342118744
0.45692250789313743
0.45664134458786426
0.45636093661908206
0.4560812863765645
0.45580239551648394
0.4555242649520106
0.45524689484417435
0.45497028459300454
0.4546944328289546
0.45441933740462176
0.45414499538677033
0.4538714030486728
0.4535985558627683
0.45332644849366155
0.453055074791461
0.45278442778546957
0.45251449967823953
0.452245281839997
0.45197676480345017
0.45170893825898417
0.45144179105026144
0.4511753111702238
0.45090948575752104
0.45064430109335946
0.4503797425987916
0.4501157948324488
0.44985244148872744
0.4495896653964383
0.44932744851792644
0.4490657719486679
0.44880461591735615
0.4485439597864807
0.4482837820534083
0.4480240603519744
0.44776477145459004
0.4475058912748719
0.4472473948708023
0.4469892564484268
0.4467314493660902
0.44647394613922287
0.4462167184456787
0.44595973713163095
0.4457029722180281
0.44544639290762006
0.4451899675925487
0.4449336638625153
0.4446774485135214
0.444421287557189
0.4441651462306599
0.4439089890070756
0.44365277960663924
0.4433964810082598
0.4431400554617775
0.4428834645007711
0.4426266689559424
0.4423696289690794
0.4421123040075936
0.4418546528796285
0.4415966337497338
0.4413382041551037
0.44107932102237246
0.4408199406849583
0.44056001890095475
0.4402995108715564
0.44003837126001477
0.4397765542111142
0.43951401337115675
0.439250701908448
0.4389865725342698
0.43872157752433416
0.4384556687406966
0.43818879765412433
0.43792091536689887
0.4376519726360426
0.43738191989695185
0.4371107072874189
0.43683828467202984
0.4365646016669146
0.4362896076648382
0.43601325186060624
0.4357354832767713
0.4354562507896148
0.4351755031553862
0.4348931890367783
0.4346092570296105
0.43432365568970427
0.4340363335599236
0.4337472391973554
0.43345632120060573
0.43316352823718796
0.43286880907097597
0.43257211258969425
0.4322733878324228
0.4319725840170848
0.431669650567892
0.4313645371427214
0.43105719366038964
0.43074757032780536
0.4304356176669617
0.4301212865417463
0.42980452818453746
0.42948529422255793
0.4291635367039568
0.42883920812358967
0.42851226144847
0.4281826501428593
0.4278503281929705
0.4275152501312518
0.4271773710602268
0.42683664667585675
0.42649303329040233
0.426146487854752
0.42579696798019395
0.42544443195959825
0.425088838787992
0.42473014818248755
0.42436832060155427
0.4240033172635943
0.4236351001648059
0.42326363209630896
0.42288887666050917
0.4225107982866775
0.422129362245727
0.42174453466416123
0.4213562825371805
0.42096457374092305
0.420569377043826
0.420170662117088
0.41976839954421985
0.4193625608296694
0.4189531184065044
0.4185400456431482
0.4181233168491505
0.41770290727999376
0.4172787931409172
0.4168509515897628
0.41641936073883534
0.41598399965577015
0.41554484836341676
0.4151018878387328
0.41465510001069256
0.4142044677572173
0.4137499749011328
0.4132916062051631
0.4128293473659716
0.41236318500726477
0.41189310667196927
0.41141910081350697
0.410941156786181
0.41045926483470113
0.40997341608287
0.4094836025214593
0.4089898169953059
0.40849205318966175
0.4079903056158294
0.4074845695961277
0.4069748412482225
0.406461117468871
0.40594339591712564
0.4054216749970455
0.404895953839971
0.404366232286417
0.4038325108676435
0.4032947907869662
0.4027530739008731
0.4022073627000141
0.40165766029014005
0.4011039703730599
0.4005462972277008
0.3999846456913479
0.39941902114115296
0.39884942947599417
0.39827587709878615
0.3976983708993282
0.39711691823778783
0.39653152692892685
0.3959422052271657
0.39534896181259704
0.39475180577805424
0.3941507466173505
0.3935457942147986
0.39293695883613056
0.3923242511209349
0.39170768207673407
0.39108726307482183
0.39046300584798943
0.38983492249026475
0.38920302545879115
0.38856732757797874
0.3879278420460523
0.38728458244413466
0.3866375627479887
0.385986797342554
0.3853323010394122
0.3846740890973048
0.384012177245844
0.38334658171254027
0.3826773192532804
0.38200440718638407
0.38132786343036373
0.38064770654552044
0.3799639557794913
0.3792766311168834
0.3785857533331019
0.3778913440525049
0.37719342581099313
0.376492022123157
0.3757871575540894
0.375078857795983
0.3743671497496211
0.37365206161086856
0.3729336229622822
0.372211864869938
0.37148681998559685
0.3707585226543127
0.3700270090275978
0.36929231718226185
0.36855448724504253
0.3678135615231545
0.3670695846408831
0.36632260368236635
0.36557266834070595
0.3648198310735715
0.36406414726546754
0.36330567539684805
0.36254447722028427
0.3617806179439109
0.36101416642239614
0.36024519535570815
0.3594737814959836
0.35870000586282674
0.3579239539674166
0.3571457160458307
0.3563653873020399
0.3555830681610848
0.3547988645329877
0.35401288808802456
0.35322525654403997
0.3524360939665607
0.35164553108254015
0.3508537056086567
0.3500607625951708
0.3492668547864532
0.34847214299940127
0.3476767965210793
0.3468809935270424
0.3460849215219417
0.3452887778041574
0.34449276995636346
0.3436971163640987
0.3429020467646099
0.3421078028284225
0.34131463877632057
0.3405228220346409
0.33973263393204084
0.3389443704411662
0.338158342968939
0.33737487919949116
0.33659432399411504
0.33581704035295407
0.33504341044355895
0.3342738367018408
0.3335087430114213
0.33274857596785085
0.3319938062346974
0.3312449299990737
0.330502470534762
0.3297669798817602
0.32903904065174816
0.3283192679697313
0.32760831156289877
0.3269068580085828
0.3262156331540981
0.3255354047221862
0.3248669851167885
0.32421123444491406
0.3235690637714546
0.32294143862491576
0.32232938277317863
0.32173398228954775
0.32115638993047
0.3205978298473874
0.320059602656177
0.31954309088846716
0.3190497648497586
0.31858118890958376
0.3181390282488385
0.3177250560887272
0.31734116142428614
0.3169893572829496
0.31667178952476976
0.316390746195263
0.316148667433969
0.3159481559309342
0.3157919879087351
0.3156831245882099
0.315624724070537
0.3156201535350271
0.3156730016089964
0.3157870907109087
0.3159664890976
0.3162155222572696
0.3165387831777273
0.3169411408792093
0.3174277464272678
0.3180040354276835
0.31867572574575576
0.31944880888076244
0.3203295330584572
0.3213243756787405
0.3224400022762207
0.323683208631243
0.32506084213494213
0.32657969801059344
0.32824638559937663
0.33006715974176437
0.3320477124801108
0.3341929210757807
0.3365065499225276
0.3389909066217135
0.34164645652744374
0.3444714056525388
0.3474612689456776
0.3506084492835094
0.3539018612888055
0.3573266419510767
0.3608639951142147
0.3644912170012207
0.36818194299050544
0.37190664056874
0.37563335004259607
0.3793286455684741
0.38295875881993224
0.38649078196114817
0.38989385123859494
0.3931402113533873
0.3962060746296303
0.3990722151637778
0.4017242712325708
0.40415276276018663
0.40635285880651917
0.4083239490794299
0.41006908217072324
0.4115943325727506
0.4129081509738409
0.4140207407782199
0.4149434909313201
0.41568848297023164
0.41626807998803406
0.41669459742215703
0.41698005025599544
0.4171359680516691
0.41717326776016417
0.4171021740116908
0.4169321771518657
0.4166720203176225
0.4163297080876295
0.4159125305219693
0.41542709761618174
0.41487938027551136
0.4142747548406462
0.41361804896296583
0.41291358724541516
0.4121652355515172
0.4113764432593924
0.4105502830196216
0.4096894877834638
0.4087964850171985
0.4078734281225241
0.40692222515299675
0.4059445649611133
0.40494194093673136
0.4039156725103217
0.40286692459808077
0.40179672516317355
0.4007059810605139
0.3995954923231429
0.3984659650375333
0.3973180229438418
0.3961522178857826
0.3949690392237625
0.3937689223144154
0.39255225614983846
0.3913193902407247
0.3900706408192305
0.38880629642977727
0.387526622969096
0.38623186823054556
0.384922266002134
0.3835980397625951
0.38225940601536723
0.38090657729624167
0.37953976488684776
0.37815918126290915
0.3767650423033176
0.37535756928353714
0.3739369906745563
0.3725035437666208
0.37105747613517803
0.3695990469649257
0.3681285282464542
0.3666462058588041
0.3651523805501864
0.36364736882824544
0.36213150377045844
0.3606051357646434
0.359068633189
0.35752238304071216
0.3559667915218016
0.35440228459071055
0.3528293084879554
0.3512483302441519
0.349659838178757
0.34806434239799733
0.3464623753006822
0.34485449210088426
0.34324127137687577
0.341623315656182
0.340001252047195
0.338375732928459
0.33674743670752727
0.3351170686621838
0.33348536187782934
0.3318530782959884
0.3302210098901668
0.32858997998674555
0.32696084475018783
0.3253344948536382
0.3237118573579869
0.322093897824675
0.3204816226899749
0.31887608193119177
0.31727837205822523
0.3156896394672342
0.31411108419677425
0.31254396413076085
0.310989599696947
0.309449379114329
0.3079247642479918
0.3064172971353798
0.3049286072537768
0.30346041960489134
0.3020145636987192
0.3005929835252042
0.2991977486084071
0.2978310662436174
0.2964952950227088
0.2951929597564384
0.29392676790355915
0.2926996276144872
0.2915146674904258
0.29037525814542864
0.28928503563648245
0.2882479267920586
0.28726817641873276
0.2863503762931266
0.285499495746071
0.2847209135093541
0.2840204503127159
0.2834044014779037
0.2828795684436048
0.28245328775419287
0.28213345553963004
0.2819285448872476
0.28184761274511616
0.2819002920953495
0.28209676410178663
0.28244770380111395
0.28296419173683546
0.28365758285094766
0.284539323138978
0.28562070431909375
0.2869125474440888
0.288424808469388
0.2901661028117514
0.2921431523953904
0.29436016791088704
0.2968181909396024
0.2995144344989805
0.3024416748265225
0.3055877592376399
0.3089353012674808
0.3124616314613301
0.3161390573886721
0.31993545909607646
0.3238152087561562
0.32774036148480457
0.331672026262995
0.3355717998939336
0.33940313890061347
0.343132555888367
0.34673055503352646
0.3501722592374697
0.35343772094074033
0.3565119424575637
0.35938465542867837
0.3620499211710939
0.3645056154886907
0.3667528556010833
0.3687954164136349
0.3706391712162026
0.37229158014291047
0.3737612396023654
0.3750574979434712
0.37619013690168135
0.3771691146241083
0.37800436391690484
0.3787056383898517
0.37928239902582456
0.37974373407855533
0.3800983058748323
0.3803543189063795
0.3805195044351646
0.3806011176375921
0.3806059440413711
0.38054031264702926
0.38041011367055855
0.38022081929847407
0.37997750622000254
0.37968487900326664
0.3793472936236971
0.37896878064340966
0.3785530676889841
0.37810360098984613
0.37762356582692364
0.37711590580711984
0.37658334092793433
0.3760283844320704
0.37545335847707106
0.374860408662366
0.3742515174674255
0.37362851666157904
0.3729930987495381
0.37234682751776516
0.3716911477461331
0.371027394147474
0.3703567995949133
0.3696805026937036
0.3689995547507924
0.36831492619176776
0.3676275124712134
0.36693813951899407
0.3662475687615926
0.3655565017544087
0.3648655844579036
0.36417541118764
0.36348652826566613
0.36279943739825016
0.3621145988027774
0.3614324341045667
0.36075332902250956
0.36007763586074737
0.35940567582204586
0.3587377411571414
0.3580740971630425
0.3574149840421335
0.3567606186328725
0.35611119602192665
0.35546689104673734
0.3548278596967248
0.35419424042064507
0.35356615534695796
0.35294371142352043
0.35232700148235596
0.35171610523480956
0.3511110902019511
0.3505120125847033
0.34991891807781794
0.3493318426314943
0.3487508131641561
0.34817584822961434
0.3476069586416205
0.34704414805858075
0.34648741353099993
0.345936746014045
0.345392130847439
0.3448535482047506
0.34432097351399055
0.3437943778513064
0.3432737283094388
0.34275898834249263
0.34225011808847566
0.3417470746709635
0.34124981248115904
0.3407582834415347
0.34027243725217277
0.33979222162084766
0.3393175824778269
0.3388484641763174
0.3383848096794113
0.33792656073434696
0.33747365803485285
0.3370260413722778
0.33658364977619654
0.3361464216451181
0.33571429486789184
0.3352872069363812
0.33486509504992845
0.3344478962121118
0.33403554732026575
0.33362798524820547
0.3332251469225761
0.3328269693932143
0.3324333898978988
0.3320443459218353
0.33165977525220947
0.33127961602811107
0.3309038067861283
0.33053228650188715
0.3301649946277898
0.3298018711272055
0.3294428565053361
0.3290878918369804
0.32873691879139716
0.3283898796544601
0.32804671734828983
0.327707375448529
0.32737179819942486
0.3270399305268655
0.326711718049521
0.3263871070882128
0.326066044673645
0.32574847855261185
0.3254343571927961
0.32512362978625725
0.32481624625171135
0.3245121572356998
0.32421131411271875
0.32391366898440643
0.32361917467785656
0.32332778474312673
0.32303945345001417
0.32275413578416123
0.32247178744254423
0.3221923648284045
0.3219158250456726
0.3216421258929336
0.3213712258569753
0.32110308410596855
0.320837660482308
0.3205749154951604
0.3203148103127482
0.32005730675440014
0.3198023672824031
0.3195499549936762
0.3193000336112971
0.3190525674759016
0.3188075215369836
0.31856486134410555
0.3183245530380494
0.3180865633419181
0.31785085955220893
0.3176174095298654
0.3173861816913319
0.31715714499961734
0.31693026895537885
0.3167055235880366
0.3164828794469354
0.316262307592553
0.3160437795877687
0.31582726748919593
0.31561274383859195
0.3154001816543427
0.31518955442303287
0.3149808360911045
0.31477400105661046
0.31456902416106347
0.3143658806813857
0.31416454632196356
0.3139649972068055
0.3137672098718117
0.3135711612571501
0.31337682869974787
0.313184189925893
0.31299322304395005
0.31280390653719325
0.3126162192567501
0.31243014041466644
0.31224564957708206
0.31206272665752377
0.3118813519103156
0.3117015059240997
0.3115231696154783
0.311346324222762
0.3111709512998364
0.3109970327101402
0.31082455062075376
0.3106534874965966
0.3104838260947378
0.3103155494588124
0.3101486409135432
0.30998308405937086
0.3098188627671865
0.309655961173168
0.3094943636737174
0.3093340549204981
0.3091750198155715
0.3090172435066289
0.3088607113823212
0.30870540906768196
0.3085513224196408
0.3083984375226328
0.30824674068429014
0.3080962184312296
0.3079468575049205
0.3077986448576391
0.3076515676485083
0.307505613239616
0.3073607691922178
0.3072170232630119
0.3070743634004997
0.3069327777414139
0.3067922546072285
0.3066527825007336
0.3065143501026908
0.30637694626855105
0.3062405600252427
0.30610518056803177
0.3059707972574398
0.3058373996162348
0.30570497732647883
0.30557352022663953
0.3054430183087651
0.30531346171571383
0.30518484073844465
0.3050571458133654
0.30493036751973257
0.30480449657711217
0.30467952384288627
0.3045554403098182
0.304432237103665
0.3043099054808424
0.30418843682613617
0.3040678226504636
0.30394805458868
0.30382912439743337
0.30371102395306004
0.3035937452495304
0.3034772803964307
0.30336162161699065
0.30324676124615213
0.3031326917286772
0.30301940561729535
0.30290689557089023
0.30279515435272153
0.3026841748286889
0.30257394996562403
0.3024644728296264
0.30235573658442727
0.3022477344897908
0.3021404598999453
0.30203390626205134
0.3019280671146961
0.3018229360864211
0.30171850689428303
0.3016147733424383
0.30151172932076087
0.30140936880348745
0.3013076858478885
0.30120667459297085
0.30110632925820047
0.3010066441422574
0.30090761362181284
0.3008092321503303
0.30071149425689425
0.3006143945450612
0.300517927691731
0.30042208844604745
0.3003268716283157
0.300232272128943
0.30013828490740324
0.30004490499121905
0.299952127474967
0.29985994751930173
0.2997683603500011
0.2996773612570271
0.29958694559361143
0.2994971087753549
0.2994078462793466
0.29931915364330175
0.29923102646471467
0.2991434604000316
0.29905645116383905
0.29896999452806705
0.29888408632121244
0.2987987224275739
0.29871389878650356
0.29862961139167554
0.29854585629036856
0.29846262958276115
0.298379927421244
0.2982977460097449
0.29821608160306756
0.2981349305062455
0.29805428907390474
0.2979741537096471
0.2978945208654381
0.29781538704101407
0.2977367487832958
0.29765860268582056
0.2975809453881806
0.2975037735754771
0.2974270839777818
0.2973508733696153
0.2972751385694308
0.2971998764391126
0.2971250838834848
0.2970507578498277
0.29697689532740845
0.2969034933470213
0.2968305489805333
0.2967580593404478
0.29668602157947066
0.2966144328900884
0.29654329050415973
0.2964725916925085
0.29640233376453373
0.2963325140678232
0.2962631299877793
0.2961941789472501
0.2961256584061748
0.2960575658612312
0.2959898988454974
0.29592265492811665
0.29585583171397456
0.2957894268433827
0.29572343799177025
0.29565786286938356
0.2955926992209943
0.2955279448256136
0.29546359749621737
0.2953996550794738
0.2953361154554862
0.2952729765375331
0.29521023627182574
0.2951478926372658
0.2950859436452146
0.29502438733926706
0.2949632217950339
0.2949024451199295
0.29484205545297093
0.2947820509645773
0.29472242985638203
0.2946631903610485
0.29460433074209436
0.29454584929372196
0.29448774434065483
0.2944300142379825
0.2943726573710105
0.2943156721551185
0.29425905703562266
0.2942028104876486
0.2941469310160072
0.29409141715507836
0.29403626746870226
0.29398148055007567
0.2939270550216567
0.2938729895350739
0.2938192827710434
0.293765933439294
0.2937129402784935
0.2936603020561891
0.29360801756874855
0.2935560856413115
0.29350450512774495
0.2934532749106063
0.29340239390111444
0.29335186103912486
0.29330167529311524
0.2932518356601744
0.2932023411659991
0.29315319086489916
0.29310438383980675
0.29305591920229707
0.29300779609260974
0.2929600136796841
0.2929125711611962
0.29286546776360645
0.2928187027422121
0.29277227538121
0.29272618499376424
0.29268043092208174
0.292635012537496
0.29258992924055893
0.2925451804611398
0.2925007656585307
0.2924566843215646
0.29241293596873497
0.2923695201483292
0.29232643643856693
0.29228368444774866
0.2922412638144119
0.29219917420749586
0.2921574153265165
0.2921159869017488
0.2920748886944191
0.29203412049690564
0.2919936821329502
0.291953573457878
0.29191379435882814
0.2918743447549941
0.2918352245978708
0.2917964338715192
0.29175797259283576
0.2917198408118325
0.2916820386119314
0.2916445661102679
0.2916074234580054
0.2915706108406625
0.291534128478451
0.29149797662662796
0.29146215557585675
0.29142666565258424
0.29139150721942997
0.2913566806755853
0.2913221864572319
0.29128802503796924
0.2912541969292589
0.29122070268088057
0.29118754288140636
0.29115471815869015
0.2911222291803669
0.291090076654375
0.29105826132949153
0.29102678399588366
0.2909956454856799
0.2909648466735556
0.2909343884773392
0.2909042718586361
0.29087449782347
0.29084506742294713
0.29081598175393814
0.29078724195977923
0.290758849230998
0.29073080480605906
0.2907031099721309
0.29067576606587686
0.29064877447427184
0.29062213663543746
0.2905958540395072
0.29056992822951716
0.29054436080231727
0.2905191534095193
0.2904943077584618
0.290469825613212
0.290445708795595
0.2904219591862507
0.29039857872572444
0.29037556941559073
0.2903529333196082
0.29033067256490835
0.29030878934322235
0.29028728591214176
0.2902661645964174
0.29024542778929474
0.2902250779538967
0.29020511762463497
0.290185549408676
0.2901663759874437
0.2901476001181673
0.29012922463547913
0.29011125245305824
0.2900936865653239
0.29007653004918044
0.2900597860658136
0.2900434578625454
0.2900275487747399
0.29001206222777315
0.28999700173905707
0.2899823709201321
0.2899681734788195
0.2899544132214408
0.28994109405511104
0.28992821999009366
0.2899157951422409
0.28990382373549795
0.28989231010449795
0.2898812586972287
0.2898706740777917
0.28986056092924317
0.28985092405652746
0.2898417683895069
0.28983309898608534
0.28982492103543317
0.2898172398613198
0.2898100609255504
0.28980338983151765
0.28979723232786936
0.2897915943122955
0.2897864818354429
0.2897819011049574
0.2897778584896633
0.2897743605238817
0.289771413911892
0.28976902553254824
0.28976720244405135
0.2897659518888819
0.2897652812989027
0.2897651983006389
0.2897657107207411
0.28976682659163433
0.2897685541573689
0.28977090187967525
0.2897738784442318
0.2897774927671555
0.2897817540017246
0.2897866715453405
0.289792255046742
0.28979851441348026
0.28980545981966427
0.289813101713993
0.28982145082807775
0.289830518185077
0.2898403151086493
0.28985085323224324
0.2898621445087318
0.2898742012204143
0.2898870359893985
0.2899006617883769
0.2899150919518172
0.28993034018758634
0.28994642058902376
0.28996334764749043
0.2899811362654028
0.2899998017697898
0.2900193599263847
0.2900398269542805
0.29006121954117187
0.29008355485921977
0.29010685058155317
0.2901311248994537
0.2901563965402408
0.29018268478590215
0.2902100094924984
0.29023839111038
0.2902678507052591
0.2902984099801731
0.29033009129838727
0.29036291770728156
0.29039691296326686
0.2904321015577885
0.2904685087444669
0.29050616056743284
0.29054508389092004
0.2905853064301766
0.2906268567837669
0.2906697644673302
0.29071405994887756
0.29075977468570413
0.29080694116300077
0.290855592934261
0.2909057646635723
0.29095749216989286
0.29101081247343175
0.2910657638442296
0.2911223858530774
0.29118071942488855
0.29124080689466925
0.291302692066227
0.29136642027377446
0.2914320384465882
0.29149959517690116
0.2915691407912084
0.2916407274251874
0.29171440910244156
0.2917902418172851
0.2918682836218168
0.29194859471752416
0.2920312375516982
0.29211627691894115
0.2922037800680707
0.29229381681476274
0.29238645966026244
0.29248178391655194
0.29257986783836987
0.292680792762505
0.292784643254824
0.2928915072655192
0.29300147629309525
0.29311464555765643
0.293231114184087
0.29335098539576493
0.29347436671949195
0.2936013702023754
0.2937321126414404
0.2938667158268211
0.29400530679942416
0.29414801812403524
0.2942949881789064
0.29444636146293024
0.2946022889215929
0.294762928292988
0.2949284444752614
0.2950990099169506
0.2952748050318081
0.29545601863978843
0.29564284843602195
0.2958355014897181
0.2960341947750824
0.29623915573648374
0.29645062289026625
0.29666884646576747
0.2968940890882832
0.2971266265069148
0.2973667483704225
0.29761475905442947
0.2978709785435345
0.2981357433721088
0.2984094076278094
0.2986923440220539
0.29898494503195394
0.29928762411845844
0.29960081702566066
0.29992498316647687
0.3002606071000932
0.30060820010675243
0.30096830186560025
0.30134148224137
0.3017283431857185
0.3021295207589063
0.30254568727731945
0.302977553591946
0.30342587150232786
0.30389143630968707
0.3043750895117511
0.3048777216402312
0.3054002752398729
0.3059437479852971
0.306509195928443
0.3070977368650849
0.3077105538034237
0.30834889851095615
0.30901409510735955
0.3097075436607375
0.31043072373179476
0.31118519779495935
0.3119726144466275
0.312794711287969
0.31365331734253044
0.3145503548364601
0.31548784013090925
0.31646788355131106
0.31749268780616635
0.3185645446282303
0.3196858292033573
0.3208589918770105
0.3220865465465108
0.32337105506039965
0.3247151068582683
0.326121293000155
0.3275921736620534
0.329130238123888
0.3307378562632593
0.3324172206112671
0.3341702781493448
0.3359986512562281
0.33790354758305885
0.3398856591740247
0.34194505188812085
0.3440810471328033
0.3462920990915847
0.3485756719839841
0.3509281233646988
0.35334460092367426
0.3558189615064099
0.3583437218974433
0.36091005102922524
0.36350781242798436
0.3661256636835912
0.3687512164570128
0.37137125613546607
0.3739720150646079
0.3765394879093852
0.37905977286150605
0.38151941889673874
0.3839057577359124
0.386207199940982
0.38841347765564654
0.39051582145213015
0.39250706483116415
0.3943816762476728
0.3961357242427244
0.3977667856943513
0.39927380999170203
0.4006569530352509
0.40191739457451237
0.40305715088188665
0.40407889255708174
0.40498577476778386
0.40578128478724623
0.4064691095139617
0.4070530238773551
0.4075367996874206
0.4079241335564676
0.40821859195255056
0.40842357116538985
0.40854226990309495
0.40857767232500775
0.4085325394967273
0.4084094074845924
0.4082105905569192
0.4079381882066103
0.40759409494076887
0.40718001199019266
0.4066974602717828
0.4061477940896491
0.4055322151873605
0.4048517868667787
0.40410744797108356
0.40330002659380504
0.4024302534248009
0.40149877468061923
0.40050616459292987
0.3994529374465435
0.39833955916968833
0.39716645848504617
0.3959340376317363
0.3946426826669598
0.393292773352155
0.3918846926230406
0.39041883563635926
0.3888956183790049
0.38731548581808417
0.38567891956358696
0.3839864450092443
0.38223863791210205
0.3804361303676647
0.3785796161354049
0.37666985526928826
0.3747076780097597
0.3726939878975738
0.3706297640758889
0.3685160627550972
0.36635401782476373
0.3641448406085628
0.3618898187708076
0.35959031439669864
0.3572477612822436
0.35486366148338055
0.35243958118664953
0.3499771459752386
0.34747803557393414
0.3449439781639668
0.3423767443637397
0.33977814097368286
0.33715000458301064
0.3344941951330268
0.3318125895260191
0.32910707536107925
0.32637954486874043
0.32363188910563523
0.3208659924589677
0.31808372749890473
0.3152869502055555
0.31247749558638505
0.30965717369005724
0.306827766014085
0.30399102229639596
0.3011486576751301
0.2983023501966242
0.2954537386485375
0.2926044206933314
0.28975595127663956
0.2869098412852827
0.28406755643063497
0.2812305163344865
0.2784000937963777
0.27557761422340504
0.27276435520559666
0.2699615462220696
0.267170368465167
0.2643919547716467
0.2616273896516639
0.2588777094077839
0.25614390233753176
0.25342690901405235
0.2507276226403585
0.2480468894733158
0.24538550931406466
0.24274423606196394
0.24012377832940135
0.23752480011495627
0.23494792153246435
0.23239371959351723
0.2298627290408403
0.22735544322988172
0.22487231505578859
0.22241375792277837
0.21998014675274036
0.21757181902973635
0.21518907587690744
0.21283218316216196
0.21050137262891114
0.20819684304802866
0.205918761387178
0.2036672639936144
0.2014424577866084
0.19924442145567184
0.19707320666086195
0.19492883923153986
0.1928113203601089
0.19072062778740995
0.1886567169766381
0.18661952227283407
0.18460895804522368
0.18262491980988813
0.18066728533048046
0.1787359156949218
0.1768306563662504
0.1749513382060186
0.17309777846884555
0.1712697817669633
0.16946714100379173
0.16768963827577726
0.16593704574192034
0.16420912646059224
0.16250563519340488
0.1608263191760536
0.1591709188561919
0.15753916859852554
0.1559307973574326
0.1543455293175154
0.1527830845025926
0.15124317935371362
0.14972552727685345
0.14822983916100835
0.14675582386746733
0.14530318869106984
0.14387163979430745
0.14246088261514928
0.1410706222494864
0.1397005638091197
0.1383504127562131
0.13701987521513656
0.13570865826263562
0.1344164701972435
0.13314302078885107
0.1318880215093396
0.13065118574516038
0.12943222899273193
0.12823086903750214
0.12704682611751117
0.12587982307225182
0.12472958547761727
0.12359584176769114
0.1224783233441105
0.12137676467370967
0.1202909033751265
0.11922048029502214
0.11816523957454031
0.11712492870661596
0.1160992985846972
0.11508810354343844
0.1140911013918902
0.11310805343967884
0.11213872451666185
0.11118288298650483
0.1102403007546141
0.10931075327083369
0.10839401952729086
0.1074898820517621
0.10659812689689985
0.1057185436256541
0.10485092529319426
0.103995068425625
0.10315077299577008
0.10231784239628428
0.10149608341033634
0.10068530618009314
0.09988532417321667
0.09909595414757796
0.09831701611437811
0.09754833329984977
0.09678973210570635
0.09604104206849261
0.09530209581798199
0.09457272903475389
0.09385278040707493
0.0931420915872047
0.09244050714722918
0.09174787453452364
0.09106404402694139
0.09038886868780951
0.0897222043208131
0.08906390942484302
0.08841384514887146
0.08777187524692125
0.08713786603318052
0.08651168633732186
0.08589320746006787
0.08528230312904955
0.08467884945499625
0.08408272488829287
0.08349381017593832
0.08291198831893151
0.08233714453011239
0.08176916619248456
0.08120794281803387
0.08065336600706668
0.0801053294080804
0.07956372867818401
0.07902846144407435
0.0784994272635856
0.07797652758781544
0.07745966572383434
0.0769487467979876
0.07644367771979108
0.0759443671464224
0.07545072544781306
0.07496266467233922
0.07448009851311047
0.0740029422748581
0.07353111284141897
0.07306452864381194
0.07260310962890401
0.0721467772286627
0.07169545432998924
0.07124906524512857
0.07080753568264803
0.07037079271898286
0.06993876477053819
0.06951138156634401
0.06908857412125465
0.06867027470968459
0.06825641683987677
0.06784693522869197
0.06744176577691383
0.0670408455450611
0.06664411272969906
0.06625150664024226
0.06586296767623978
0.06547843730513637
0.06509785804049958
0.0647211734207058
0.0643483279880768
0.06397926726845772
0.0636139377512301
0.06325228686974974
0.06289426298220276
0.06253981535287145
0.06218889413380147
0.06184145034686349
0.06149743586620009
0.061156803401051146
0.060819506478949854
0.06048549942928161
0.060154737367198285
0.05982717617788087
0.05950277250114265
0.059181483716366126
0.05886326792776646
0.05854808394997446
0.05823589129393281
0.057926650153097226
0.05762032138993844
0.05731686652273599
0.057016247712658896
0.05671842775112623
0.056423370047442675
0.056131038616701594
0.05584139806794892
0.05555441359260538
0.05527005095313833
0.054988276471978056
0.05470905702067484
0.054432360009288555
0.05415815337600824
0.053886405576995436
0.05361708557644559
0.053350162836863044
0.053085607309545625
0.05282338942527322
0.05256348008519583
0.05230585065191589
0.05205047294076236
0.05179731921125039
0.05154636215872342
0.0512975749061725
0.051050930996229885
0.05080640438333292
0.05056396942605294
0.05032360087958694
0.05008527388840856
0.04984896397907214
