0.5158528657567683
0.5156822529490572
0.5149765479813996
0.5143957211013184
0.5139467461072107
0.5136017395825161
0.5133369146657744
0.5131337428494348
0.5129779250765032
0.512858451834047
0.5127668579068967
0.5126966408874907
0.5126428098248941
0.5126015360658781
0.5125698838243238
0.5125456026656037
0.5125269679064862
0.5125126580000188
0.5125016604122136
0.5124931994150459
0.5124866807187768
0.5124816490316422
0.5124777555372947
0.5124747329773038
0.5124723765631437
0.51247052935538
0.5124690710654011
0.5124679094789131
0.5124669738875476
0.5124662100584303
0.5124655763815655
0.5124650409191912
0.5124645791458486
0.5124641722173837
0.5124638056449942
0.512463468279459
0.5124631515329059
0.5124628487824997
0.5124625549134564
0.5124622659687719
0.5124619788806921
0.512461691264801
0.5124614012620832
0.5124611074177428
0.5124608085881945
0.5124605038696459
0.5124601925432302
0.5124598740328328
0.5124595478726542
0.5124592136822408
0.5124588711472492
0.5124585200046134
0.5124581600310933
0.5124577910344227
0.5124574128464571
0.512457025317861
0.5124566283139791
0.5124562217116235
0.5124558053965662
0.5124553792615771
0.5124549432048835
0.5124544971289579
0.5124540409395599
0.512453574544976
0.5124530978554126
0.512452610782512
0.5124521132389603
0.5124516051381718
0.5124510863940315
0.5124505569206839
0.512450016632358
0.5124494654432248
0.5124489032672743
0.5124483300182147
0.5124477456093859
0.5124471499536853
0.5124465429635052
0.512445924550676
0.5124452946264187
0.5124446531013037
0.5124439998852106
0.5124433348872965
0.5124426580159649
0.5124419691788381
0.5124412682827331
0.5124405552336371
0.5124398299366872
0.5124390922961509
0.512438342215406
0.512437579596925
0.5124368043422576
0.512436016352015
0.5124352155258547
0.5124344017624669
0.5124335749595594
0.512432735013845
0.5124318818210277
0.5124310152757902
0.5124301352717809
0.5124292417016024
0.512428334456798
0.512427413427841
0.5124264785041222
0.512425529573937
0.5124245665244764
0.5124235892418125
0.5124225976108883
0.5124215915155063
0.5124205708383159
0.5124195354608032
0.512418485263278
0.5124174201248632
0.5124163399234835
0.5124152445358524
0.5124141338374617
0.51241300770257
0.5124118660041903
0.5124107086140779
0.5124095354027199
0.5124083462393231
0.5124071409918004
0.5124059195267613
0.5124046817094984
0.5124034274039756
0.5124021564728161
0.5124008687772907
0.5123995641773046
0.5123982425313862
0.5123969036966742
0.5123955475289051
0.512394173882401
0.5123927826100569
0.512391373563329
0.5123899465922205
0.5123885015452705
0.51238703826954
0.5123855566106004
0.5123840564125195
0.512382537517849
0.5123809997676122
0.5123794430012898
0.5123778670568078
0.5123762717705242
0.5123746569772156
0.512373022510064
0.5123713682006436
0.512369693878908
0.512367999373176
0.5123662845101189
0.5123645491147464
0.5123627930103942
0.5123610160187091
0.5123592179596363
0.5123573986514061
0.512355557910519
0.5123536955517334
0.5123518113880512
0.5123499052307041
0.5123479768891394
0.5123460261710077
0.5123440528821472
0.5123420568265713
0.5123400378064535
0.5123379956221146
0.5123359300720081
0.5123338409527065
0.5123317280588869
0.5123295911833181
0.5123274301168452
0.5123252446483768
0.5123230345648702
0.5123207996513178
0.512318539690733
0.5123162544641359
0.5123139437505392
0.5123116073269354
0.5123092449682811
0.5123068564474837
0.5123044415353878
0.5123020000007603
0.5122995316102774
0.51229703612851
0.5122945133179098
0.5122919629387955
0.5122893847493389
0.5122867785055509
0.5122841439612682
0.5122814808681384
0.5122787889756071
0.512276068030904
0.5122733177790291
0.5122705379627388
0.5122677283225328
0.5122648885966404
0.5122620185210062
0.512259117829278
0.5122561862527923
0.5122532235205618
0.5122502293592612
0.5122472034932148
0.512244145644383
0.5122410555323496
0.512237932874308
0.5122347773850494
0.5122315887769494
0.5122283667599552
0.5122251110415734
0.5122218213268568
0.5122184973183928
0.5122151387162902
0.5122117452181681
0.5122083165191431
0.5122048523118167
0.512201352286265
0.5121978161300251
0.5121942435280857
0.5121906341628735
0.5121869877142426
0.5121833038594643
0.5121795822732147
0.5121758226275638
0.5121720245919659
0.5121681878332482
0.5121643120155999
0.5121603968005626
0.5121564418470206
0.5121524468111897
0.5121484113466083
0.5121443351041277
0.5121402177319025
0.5121360588753817
0.5121318581772993
0.5121276152776659
0.5121233298137591
0.5121190014201169
0.5121146297285278
0.5121102143680235
0.5121057549648715
0.5121012511425665
0.5120967025218246
0.5120921087205745
0.5120874693539524
0.5120827840342943
0.5120780523711297
0.5120732739711764
0.5120684484383332
0.5120635753736762
0.512058654375452
0.5120536850390729
0.5120486669571132
0.5120435997193035
0.5120384829125273
0.5120333161208167
0.5120280989253492
0.5120228309044437
0.5120175116335587
0.5120121406852883
0.512006717629361
0.5120012420326367
0.5119957134591059
0.5119901314698876
0.5119844956232285
0.5119788054745019
0.5119730605762088
0.5119672604779759
0.5119614047265572
0.5119554928658341
0.5119495244368166
0.5119434989776452
0.5119374160235919
0.5119312751070625
0.5119250757575998
0.5119188175018861
0.5119124998637454
0.5119061223641497
0.5118996845212203
0.5118931858502336
0.5118866258636267
0.5118800040710012
0.5118733199791294
0.5118665730919614
0.5118597629106301
0.5118528889334593
0.5118459506559705
0.5118389475708913
0.511831879168163
0.5118247449349497
0.5118175443556471
0.5118102769118928
0.5118029420825756
0.5117955393438461
0.5117880681691281
0.5117805280291298
0.511772918391855
0.5117652387226168
0.5117574884840489
0.5117496671361201
0.5117417741361473
0.5117338089388104
0.5117257709961659
0.5117176597576631
0.51170947467016
0.511701215177938
0.51169288072272
0.5116844707436873
0.5116759846774962
0.5116674219582978
0.5116587820177553
0.5116500642850637
0.5116412681869693
0.5116323931477902
0.511623438589436
0.5116144039314308
0.5116052885909325
0.5115960919827568
0.5115868135193995
0.511577452611059
0.5115680086656611
0.511558481088882
0.5115488692841745
0.5115391726527918
0.5115293905938145
0.511519522504176
0.5115095677786899
0.5114995258100774
0.5114893959889945
0.5114791777040605
0.5114688703418879
0.5114584732871108
0.5114479859224149
0.5114374076285678
0.5114267377844512
0.5114159757670904
0.5114051209516878
0.5113941727116549
0.511383130418645
0.5113719934425871
0.5113607611517199
0.5113494329126256
0.5113380080902661
0.5113264860480176
0.5113148661477072
0.5113031477496484
0.5112913302126798
0.5112794128942006
0.5112673951502104
0.5112552763353464
0.5112430558029225
0.5112307329049701
0.5112183069922758
0.5112057774144232
0.5111931435198337
0.5111804046558074
0.5111675601685649
0.5111546094032897
0.5111415517041707
0.5111283864144457
0.5111151128764443
0.5111017304316328
0.5110882384206576
0.5110746361833913
0.5110609230589764
0.5110470983858726
0.511033161501902
0.5110191117442962
0.5110049484497423
0.5109906709544313
0.5109762785941057
0.5109617707041063
0.5109471466194226
0.5109324056747404
0.5109175472044915
0.5109025705429024
0.5108874750240462
0.5108722599818909
0.5108569247503507
0.5108414686633374
0.5108258910548112
0.5108101912588322
0.5107943686096129
0.5107784224415696
0.5107623520893749
0.5107461568880122
0.510729836172826
0.5107133892795774
0.5106968155444968
0.5106801143043376
0.5106632848964305
0.5106463266587384
0.5106292389299101
0.5106120210493349
0.5105946723571986
0.5105771921945375
0.5105595799032949
0.5105418348263758
0.5105239563077026
0.5105059436922716
0.5104877963262087
0.5104695135568248
0.5104510947326735
0.5104325392036062
0.5104138463208298
0.5103950154369623
0.5103760459060901
0.5103569370838246
0.5103376883273592
0.5103182989955258
0.5102987684488527
0.5102790960496204
0.5102592811619195
0.510239323151708
0.5102192213868668
0.510198975237259
0.5101785840747851
0.5101580472734408
0.5101373642093741
0.5101165342609421
0.5100955568087673
0.5100744312357952
0.5100531569273508
0.5100317332711954
0.5100101596575819
0.5099884354793133
0.5099665601317969
0.5099445330131018
0.5099223535240147
0.5099000210680945
0.5098775350517297
0.509854894884193
0.5098320999776962
0.5098091497474454
0.5097860436116969
0.5097627809918099
0.5097393613123027
0.5097157840009056
0.5096920484886147
0.5096681542097463
0.5096441006019893
0.5096198871064581
0.5095955131677465
0.5095709782339779
0.5095462817568592
0.5095214231917309
0.5094964019976195
0.5094712176372874
0.509445869577284
0.5094203572879953
0.5093946802436939
0.5093688379225886
0.5093428298068715
0.5093166553827688
0.5092903141405865
0.5092638055747595
0.509237129183897
0.5092102844708304
0.509183270942658
0.5091560881107916
0.5091287354910004
0.5091012126034555
0.5090735189727749
0.5090456541280648
0.5090176176029642
0.5089894089356853
0.5089610276690566
0.5089324733505629
0.5089037455323856
0.5088748437714424
0.5088457676294273
0.5088165166728472
0.5087870904730618
0.5087574886063185
0.5087277106537907
0.508697756201612
0.5086676248409127
0.508637316167853
0.5086068297836571
0.5085761652946459
0.5085453223122697
0.5085143004531386
0.5084830993390551
0.5084517185970412
0.5084201578593701
0.5083884167635937
0.5083564949525697
0.5083243920744892
0.5082921077829025
0.5082596417367438
0.5082269936003565
0.5081941630435161
0.5081611497414535
0.5081279533748759
0.5080945736299898
0.5080610101985192
0.508027262777726
0.5079933310704285
0.5079592147850188
0.5079249136354802
0.5078904273414021
0.5078557556279958
0.5078208982261084
0.5077858548722366
0.5077506253085375
0.5077152092828423
0.5076796065486645
0.5076438168652114
0.5076078399973923
0.5075716757158257
0.5075353237968468
0.5074987840225132
0.5074620561806104
0.5074251400646552
0.5073880354738998
0.5073507422133328
0.5073132600936819
0.5072755889314136
0.5072377285487326
0.5071996787735809
0.5071614394396341
0.5071230103863001
0.5070843914587129
0.5070455825077286
0.5070065833899186
0.5069673939675627
0.5069280141086416
0.5068884436868275
0.5068486825814739
0.5068087306776056
0.5067685878659065
0.5067282540427072
0.5066877291099716
0.5066470129752818
0.5066061055518236
0.5065650067583699
0.5065237165192632
0.5064822347643982
0.5064405614292024
0.5063986964546165
0.5063566397870738
0.5063143913784782
0.5062719511861826
0.5062293191729647
0.5061864953070034
0.506143479561854
0.5061002719164217
0.5060568723549361
0.5060132808669222
0.5059694974471739
0.5059255220957237
0.5058813548178129
0.5058369956238624
0.505792444529439
0.5057477015552251
0.5057027667269854
0.5056576400755327
0.5056123216366939
0.5055668114512752
0.5055211095650256
0.5054752160286012
0.5054291308975274
0.5053828542321613
0.5053363860976535
0.5052897265639082
0.5052428757055445
0.5051958336018552
0.5051486003367652
0.5051011759987921
0.5050535606810017
0.5050057544809664
0.5049577575007217
0.5049095698467226
0.5048611916297985
0.5048126229651092
0.5047638639720996
0.5047149147744525
0.5046657755000439
0.5046164462808954
0.5045669272531271
0.50451721855691
0.504467320336418
0.5044172327397796
0.5043669559190284
0.504316490030055
0.5042658352325564
0.5042149916899873
0.5041639595695081
0.5041127390419363
0.5040613302816945
0.5040097334667595
0.503957948778611
0.5039059764021803
0.5038538165257979
0.503801469341141
0.5037489350431826
0.5036962138301372
0.5036433059034093
0.5035902114675401
0.5035369307301536
0.5034834639019046
0.5034298111964245
0.5033759728302674
0.5033219490228571
0.5032677399964327
0.5032133459759951
0.5031587671892517
0.5031040038665637
0.5030490562408914
0.5029939245477385
0.5029386090250991
0.5028831099134026
0.5028274274554587
0.5027715618964032
0.5027155134836425
0.5026592824667991
0.5026028690976566
0.5025462736301045
0.5024894963200831
0.5024325374255282
0.5023753972063157
0.5023180759242067
0.5022605738427918
0.5022028912274343
0.5021450283452171
0.5020869854648845
0.5020287628567872
0.5019703607928268
0.5019117795463989
0.501853019392337
0.5017940806068558
0.5017349634674954
0.5016756682530636
0.5016161952435794
0.5015565447202153
0.5014967169652399
0.5014367122619613
0.5013765308946673
0.5013161731485678
0.5012556393097372
0.5011949296650539
0.5011340445021417
0.5010729841093107
0.5010117487754955
0.5009503387901963
0.500888754443417
0.5008269960256035
0.5007650638275822
0.5007029581404969
0.5006406792557453
0.5005782274649151
0.5005156030597206
0.500452806331935
0.5003898375733266
0.5003266970755902
0.5002633851302805
0.5001999020287424
0.5001362480620426
0.5000724235208979
0.500008428695604
0.4999442638759635
0.49987992935121084
0.49981542540993845
0.49975075234001953
0.4996859104285319
0.49962089996167747
0.4995557212247033
0.49949037450181966
0.4994248600761162
0.49935917822947806
0.4992933292424989
0.49922731339439275
0.4991611309629046
0.49909478222421827
0.4990282674528632
0.4989615869216186
0.49889474090141617
0.4988277296612402
0.49876055346802584
0.4986932125865552
0.4986257072793508
0.4985580378065669
0.49849020442587844
0.4984222073923671
0.4983540469584049
0.4982857233735356
0.4982172368843524
0.4981485877343737
0.4980797761639152
0.49801080240995965
0.4979416667060228
0.49787236928201684
0.49780291036411006
0.49773329017458406
0.49766350893168587
0.49759356684947775
0.4975234641376841
0.49745320100153245
0.49738277764159256
0.4973121942536112
0.49724145102834183
0.4971705481513726
0.49709948580294705
0.49702826415778345
0.49695688338488764
0.49688534364736314
0.49681364510221476
0.49674178790015
0.49666977218537256
0.4965975980953745
0.4965252657607203
0.4964527753048283
0.49638012684374444
0.49630732048591364
0.49623435633194335
0.49616123447436267
0.49608795499737574
0.49601451797660934
0.4959409234788545
0.4958671715618025
0.49579326227377457
0.49571919565344513
0.4956449717295591
0.495570590520643
0.4954960520347088
0.4954213562689515
0.49534650320943985
0.4952714928308004
0.495196325095894
0.4951209999554853
0.4950455173479055
0.4949698771987062
0.4948940794203078
0.49481812391163793
0.4947420105577638
0.4946657392295155
0.49458930978310195
0.494512722059717
0.49443597588513993
0.4943590710693241
0.49428200740597955
0.4942047846721448
0.49412740262775123
0.4940498610151772
0.4939721595587928
0.4938942979644959
0.4938162759192378
0.49373809309053984
0.4936597491259985
0.4935812436527827
0.49350257627711824
0.4934237465837635
0.4933447541354738
0.49326559847245516
0.49318627911180646
0.49310679554695125
0.49302714724705704
0.4929473336564443
0.49286735419398253
0.49278720825247513
0.4927068951980317
0.49262641436942767
0.4925457650774524
0.4924649466042438
0.49238395820260905
0.4923027990953348
0.49222146847448056
0.49213996550066125
0.49205828930231454
0.49197643897495474
0.4918944135804118
0.4918122121460564
0.49172983366401013
0.4916472770903405
0.4915645413442414
0.4914816253071978
0.49139852782213433
0.49131524769254886
0.4912317836816297
0.49114813451135575
0.491064298861582
0.49098027536910527
0.4908960626267159
0.49081165918223013
0.49072706353750606
0.4906422741474404
0.4905572894189498
0.49047210770993077
0.4903867273282036
0.49030114653043566
0.49021536352104783
0.4901293764510987
0.4900431834171526
0.4899567824601255
0.4898701715641113
0.48978334865518913
0.4896963116002088
0.4896090582055569
0.4895215862158999
0.48943389331290843
0.48934597711395866
0.4892578351708128
0.48916946496827696
0.4890808639228382
0.4889920293812781
0.48890295861926425
0.4888136488399198
0.48872409717236864
0.48863430067025915
0.48854425631026355
0.4884539609905544
0.48836341152925666
0.48827260466287825
0.4881815370447133
0.48809020524322433
0.48799860574039877
0.4879067349300822
0.48781458911628534
0.4877221645114688
0.4876294572348021
0.4875364633103977
0.48744317866552145
0.4873495991287769
0.48725572042826665
0.4871615381897272
0.4870670479346394
0.4869722450783156
0.4868771249279601
0.4867816826807063
0.4866859134216288
0.4865898121217309
0.4864933736359085
0.486396592700889
0.4862994639331468
0.48620198182679475
0.48610414075145214
0.48600593495008915
0.4859073585368487
0.4858084054948454
0.48570906967394145
0.4856093447885017
0.48550922441512656
0.48540870199036296
0.48530777080839593
0.48520642401871883
0.4851046546237847
0.485002455476638
0.48489981927852754
0.48479673857650263
0.4846932057609905
0.48458921306335895
0.4844847525534617
0.4843798161371699
0.4842743955538895
0.4841684823740645
0.4840620679966696
0.48395514364669034
0.4838477003725935
0.4837397290437885
0.4836312203480805
0.4835221647891178
0.4834125526838321
0.4833023741598749
0.4831916191530531
0.4830802774047591
0.48296833845940534
0.48285579166185666
0.4827426261548672
0.4826288308765226
0.48251439455768685
0.4823993057194585
0.4822835526706364
0.4821671235051964
0.482050006099783
0.48193218811121546
0.48181365697401213
0.48169439989793417
0.48157440386555156
0.4814536556298332
0.4813321417117631
0.4812098483979855
0.48108676173848197
0.48096286754428064
0.48083815138520364
0.48071259858765136
0.4805861942324306
0.48045892315262495
0.48033076993151347
0.4802017189005391
0.4800717541373305
0.47994085946377907
0.4798090184441755
0.4796762143834087
0.4795424303252301
0.4794076490505866
0.47927185307602493
0.4791350246521731
0.4789971457622987
0.4788581981209514
0.47871816317269045
0.4785770220909023
0.4784347557767109
0.4782913448579867
0.4781467696884544
0.4780010103469071
0.4778540466365294
0.47770585808433164
0.4775564239407021
0.47740572317908014
0.4772537344957535
0.47710043630978555
0.4769458067630751
0.476789823720554
0.47663246477052745
0.4764737072251594
0.4763135281211091
0.4761519042203223
0.47598881201098264
0.4758242277086253
0.4756581272574206
0.4754904863316298
0.4753212803372374
0.4751504844137663
0.47497807343627874
0.4748040220175682
0.4746283045105467
0.47445089501083154
0.47427176735953647
0.4740908951462726
0.47390825171236145
0.47372381015426596
0.4735375433272442
0.4733494238492289
0.4731594241049385
0.4729675162502227
0.4727736722166473
0.47257786371632343
0.47238006224698315
0.4721802390973078
0.4719783653525107
0.47177441190018027
0.47156834943638604
0.47136014847205043
0.4711497793395927
0.47093721219984475
0.4707224170492452
0.47050536372731305
0.47028602192440394
0.47006436118975375
0.4698403509398096
0.4696139604668522
0.46938515894791244
0.46915391545398205
0.46892019895952325
0.4686839783522768
0.4684452224433703
0.4682038999777298
0.46795997964479275
0.4677134300895254
0.46746421992374465
0.46721231773774374
0.4669576921122221
0.4667003116305203
0.4664401448911567
0.46617716052066815
0.46591132718675
0.4656426136116976
0.4653709885861431
0.4650964209830897
0.4648188797722361
0.46453833403459266
0.46425475297738195
0.4639681059492227
0.46367836245559124
0.4633854921745575
0.46308946497278763
0.4627902509218123
0.46248782031455016
0.4621821436820843
0.46187319181068187
0.46156093575905177
0.4612453468758321
0.46092639681729963
0.4606040575652931
0.46027830144534
0.45994910114498055
0.4596164297322758
0.45928026067449224
0.4589405678569507
0.4585973256020295
0.45825050868830985
0.45790009236985063
0.45754605239558366
0.45718836502881105
0.45682700706679724
0.456461955860438
0.45609318933399434
0.45572068600487614
0.4553444250034613
0.45496438609293444
0.4545805496891313
0.4541928968803695
0.453801409447254
0.45340606988243715
0.453006861410318
0.4526037680066639
0.4521967744181352
0.4517858661816997
0.45137102964391285
0.4509522519800503
0.4505295212130742
0.45010282623241127
0.4496721568125289
0.4492375036312862
0.4487988582880447
0.4483562133215181
0.4479095622273406
0.44745889947534
0.4470042205264906
0.44654552184953133
0.4460828009372285
0.44561605632226475
0.44514528759273675
0.44467049540724046
0.44419168150953087
0.4437088487427321
0.44322200106308524
0.44273114355321413
0.4422362824348926
0.44173742508129676
0.4412345800287263
0.4407277569877777
0.44021696685395667
0.439702221717712
0.43918353487387846
0.4386609208305151
0.4381343953171253
0.43760397529224593
0.43706967895039495
0.4365315257283653
0.435989536310857
0.4354437326354341
0.4348941378968017
0.43434077655039516
0.4337836743152704
0.43322285817629436
0.4326583563856288
0.43209019846350205
0.4315184151982666
0.43094303864574296
0.4303641021278436
0.42978164023048265
0.42919568880076947
0.42860628494348774
0.4280134670168667
0.42741727462764745
0.42681774862544797
0.42621493109643893
0.42560886535633374
0.42499959594270464
0.4243871686066361
0.42377163030372456
0.42315302918444164
0.422531414583871
0.42190683701083836
0.42127934813644846
0.4206490007820495
0.4200158489066418
0.41937994759375397
0.4187413530378066
0.4181001225299866
0.41745631444365716
0.4168099882193277
0.4161612043492111
0.41551002436139545
0.4148565108036588
0.41420072722695755
0.41354273816861825
0.4128826091352657
0.4122204065855204
0.41155619791249726
0.41089005142614365
0.4102220363354498
0.40955222273056946
0.4088806815648873
0.40820748463707374
0.40753270457316115
0.4068564148086875
0.4061786895709427
0.4054996038613594
0.40481923343809273
0.40413765479882635
0.4034549451638505
0.40277118245945265
0.4020864453016648
0.40140081298040975
0.4007143654440894
0.4000271832846599
0.3993393477232339
0.39865094059625517
0.3979620443422881
0.3972727419894626
0.3965831171436178
0.3958932539771863
0.3952032372188544
0.39451315214404636
0.3938230845662602
0.3931331208292994
0.39244334780043255
0.391753852864514
0.39106472391909475
0.39037604937055614
0.38968791813128706
0.38900041961792886
0.38831364375070737
0.38762768095386374
0.3869426221571956
0.3862585587987113
0.3855755828283979
0.38489378671309066
0.3842132634424322
0.38353410653589365
0.3828564100508275
0.3821802685915059
0.38150577731909036
0.3808330319624653
0.38016212882985223
0.37949316482110856
0.3788262374405951
0.3781614448104805
0.3774988856843255
0.3768386594607733
0.3761808661971417
0.37552560662268963
0.37487298215129716
0.37422309489327077
0.37357604766594515
0.37293194400272045
0.3722908881601277
0.3716529851224776
0.37101834060359506
0.3703870610450965
0.36975925361061135
0.3691350261752944
0.36851448730992037
0.36789774625877986
0.36728491291054965
0.36667609776122806
0.36607141186817116
0.365470966794194
0.3648748745406337
0.3642832474682095
0.36369619820444954
0.3631138395363962
0.36253628428724816
0.36196364517555984
0.36139603465556747
0.3608335647372107
0.36027634678439086
0.3597244912900308
0.359178107626528
0.3586373037702514
0.3581021859988139
0.3575728585599742
0.35704942331117234
0.35653197932888897
0.3560206224872636
0.3555154450056725
0.3550165349653036
0.3545239757951367
0.35403784572816166
0.35355821722914454
0.35308515639577615
0.3526187223355966
0.3521589665217073
0.35170593213090934
0.3512596533685757
0.35082015478523493
0.35038745059051557
0.3499615439707542
0.34954242641718686
0.34913007707221394
0.34872446210170954
0.34832553410174905
0.3479332315484034
0.3475474782993881
0.34716818315634906
0.3467952394963721
0.3464285249809447
0.34606790135003185
0.3457132143081724
0.34536429350855674
0.34502095263990856
0.34468298961969607
0.3443501868957448
0.34402231185676024
0.3436991173506127
0.3433803423075336
0.3430657124636696
0.3427549411787691
0.34244773034018766
0.3421437713439385
0.3418427461422116
0.341544328345689
0.34124818436811555
0.340953974599963
0.34066135459767716
0.3403699762749234
0.34007948908242996
0.3397895411634932
0.339499780472894
0.33920985584789887
0.3389194180211125
0.3386281205662097
0.33833562076894264
0.33804158041727317
0.3377456665059668
0.33744755185248315
0.3371469156224575
0.3368434437644761
0.3365368293551586
0.3362267728567753
0.33591298229070193
0.33559517333096656
0.335273069322938
0.33494640123286595
0.33461490753448614
0.33427833403927454
0.33393643367717113
0.3335889662347015
0.33323569805743314
0.33287640172358984
0.33251085569548566
0.3321388439551587
0.33176015563028827
0.33137458461610536
0.3309819291986131
0.3305819916840077
0.3301745780387589
0.32975949754435646
0.3293365624702934
0.32890558776841616
0.3284663907913479
0.3280187910372796
0.32756260992303377
0.32709767058693384
0.32662379772266403
0.32614081744497153
0.32564855718776775
0.3251468456348928
0.3246355126835532
0.32411438944020016
0.3235833082483936
0.32304210274799944
0.32249060796488016
0.3219286604300705
0.3213560983272785
0.3207727616674175
0.3201784924887374
0.31957313508102564
0.3189565362322359
0.31832854549581624
0.31768901547692824
0.3170378021356791
0.31637476510542967
0.31569976802418576
0.31501267887705
0.3143133703476698
0.3136017201766004
0.3128776115244936
0.3121409333380105
0.3113915807163768
0.3106294552765059
0.3098544655146491
0.3090665271625659
0.308265563536253
0.307451505875334
0.3066242936712668
0.30578387498260934
0.3049302067356625
0.3040632550089044
0.30318299529972575
0.3022894127720864
0.3013825024838205
0.3004622695924455
0.2995287295384409
0.29858190820510117
0.29762184205419107
0.29664857823676455
0.29566217467864586
0.2946627001401985
0.2936502342501468
0.29262486751334066
0.2915867012924888
0.29053584776400315
0.28947242984822535
0.28839658111441785
0.28730844566101355
0.28620817797172154
0.285095942748187
0.28397191471998917
0.2828362784328462
0.2816892280159725
0.2805309669295982
0.27936170769372215
0.27818167159922064
0.27699108840247455
0.27579019600471966
0.27457924011734247
0.2733584739143771
0.2721281576734575
0.270888558406501
0.26963994948138326
0.2683826102358738
0.2671168255850764
0.26584288562360925
0.26456108522373634
0.26327172363063234
0.2619751040559348
0.2606715332707028
0.25936132119886524
0.25804478051219737
0.25672222622782837
0.2553939753092299
0.25406034627159646
0.2527216587924773
0.251378233328469
0.2500303907387318
0.2486784519160406
0.247322737426031
0.2459635671552514
0.2446012599685793
0.24323613337651476
0.24186850321280878
0.24049868332284166
0.23912698526311255
0.23775371801216091
0.23637918769318986
0.23500369730862095
0.23362754648676312
0.2322510312407414
0.23087444373978777
0.22949807209295753
0.22812220014530238
0.22674710728648986
0.22537306827183037
0.22400035305563934
0.22262922663683202
0.22125994891662037
0.21989277456815584
0.21852795291793628
0.21716572783877278
0.21580633765409174
0.21445001505332745
0.21309698701814273
0.21174747475919917
0.21040169366318778
0.20905985324981033
0.20772215713839906
0.20638880302384932
0.20505998266152958
0.20373588186083025
0.2024166804870061
0.20110255247096323
0.1997936658266375
0.19849018267561225
0.19719225927862263
0.19590004607359063
0.19461368771984378
0.1933333231481648
0.19205908561633134
0.1907911027698022
0.1895294967072158
0.18827438405037253
0.18702587601837614
0.1857840785056174
0.1845490921632953
0.18332101248416954
0.18209992989025692
0.1808859298231854
0.17967909283693181
0.17847949469267682
0.17728720645552443
0.17610229459283477
0.17492482107393834
0.17375484347100012
0.17259241506082107
0.1714375849273657
0.1702903980648197
0.16915089548099083
0.16801911430087269
0.16689508787020294
0.16577884585885894
0.1646704143639359
0.16356981601237128
0.16247707006297926
0.1613921925077732
0.16031519617246015
0.15924609081599958
0.1581848832291284
0.15713157733175914
0.156086174269166
0.1550486725068858
0.15401906792425715
0.15299735390653982
0.15198352143555396
0.15097755917878808
0.14997945357693063
0.14898918892978585
0.14800674748053752
0.147032109498333
0.14606525335915993
0.14510615562499823
0.14415479112122875
0.1432111330122875
0.1422751528755566
0.14134682077348826
0.14042610532395844
0.1395129737688529
0.13860739204089106
0.1377093248286922
0.13681873564009692
0.13593558686375412
0.1350598398289878
0.13419145486395978
0.1333303913521478
0.13247660778715706
0.13163006182588688
0.13079071034007497
0.1299585094662437
0.12913341465407244
0.12831538071322215
0.12750436185863925
0.1267003117543649
0.12590318355587993
0.12511292995101225
0.12432950319943674
0.12355285517079623
0.12278293738147505
0.12201970103005307
0.12126309703147162
0.12051307604994112
0.11976958853062081
0.11903258473010069
0.11830201474571478
0.11757782854371826
0.11685997598635448
0.11614840685784539
0.11544307088933105
0.11474391778279006
0.1140508972339672
0.11336395895433893
0.11268305269214211
0.1120081282524957
0.1113391355166416
0.11067602446033012
0.11001874517137863
0.10936724786642772
0.10872148290691927
0.10808140081432292
0.10744695228463484
0.10681808820217076
0.10619475965267933
0.1055769179357958
0.1049645145768604
0.10435750133812186
0.10375583022934684
0.10315945351785796
0.10256832373801826
0.10198239370018289
0.10140161649913731
0.1008259455220398
0.10025533445588729
0.09968973729452157
0.09912910834519274
0.09857340223469778
0.09802257391510917
0.09747657866910976
0.09693537211494946
0.0963989102110374
0.095867149260186
0.0953400459135187
0.09481755717405597
0.0942996403999928
0.0937862533076798
0.09327735397432045
0.09277290084039637
0.0922728527118322
0.09177716876191094
0.09128580853295079
0.09079873193775359
0.09031589926083511
0.08983727115944717
0.08936280866439984
0.08889247318069464
0.08842622648797538
0.08796403074080697
0.08750584846878821
0.0870516425765093
0.08660137634335816
0.08615501342318593
0.08571251784383666
0.08527385400654844
0.08483898668523362
0.08440788102564176
0.0839805025444143
0.08355681712803487
0.08313679103168052
0.08272039087798119
0.08230758365569088
0.08189833671827422
0.08149261778241706
0.08109039492646218
0.0806916365887749
0.08029631156604405
0.07990438901152176
0.07951583843320492
0.07913062969196223
0.0787487329996123
0.07837011891695261
0.07799475835174532
0.07762262255666144
0.0772536831271865
0.07688791199949131
0.07652528144826796
0.07616576408453644
0.07580933285342291
0.07545596103190957
0.07510562222656286
0.07475829037123712
0.07441393972475857
0.0740725448685902
0.07373408070447847
0.07339852245208503
0.07306584564660246
0.0727360261363572
0.07240904008040012
0.07208486394608478
0.07176347450663598
0.07144484883870758
0.07112896431993207
0.07081579862646088
0.07050532973049702
0.07019753589781949
0.06989239568530078
0.06958988793841683
0.06928999178874976
0.06899268665148359
0.06869795222289253
0.0684057684778216
0.06811611566715996
0.06782897431530584
0.06754432521762206
0.06726214943788318
0.06698242830571245
0.06670514341400756
0.06643027661635521
0.06615781002443291
0.06588772600539644
0.06562000717925345
0.06535463641621941
0.0650915968340574
0.06483087179539718
0.06457244490503465
0.06431630000720791
0.06406242118284927
0.06381079274681073
0.06356139924506099
0.06331422545185156
0.06306925636685012
0.062826477212238
0.0625858734297697
0.06234743067779172
0.06211113482821753
0.061876971963455575
0.061644928373288325
0.061414990551697156
0.061187145193631505
0.0609613791917179
0.060737679632904995
0.06051603379504119
0.06029642914338059
0.06007885332701294
0.05986329417521438
0.059649739693712345
0.0594381780608625
0.05922859762373085
0.059020986894077636
0.05881533454423616
0.05861162940288345
0.05840986045069528
0.058210016815881525
0.058012087769594434
0.05781606272120607
0.05762193121344589
0.057429682917396085
0.05723930762733444
0.05705079525542034
0.05686413582621751
0.056679319471045084
0.05649633642215177
0.056315177006704464
0.05613583164058643
0.05595829082199491
0.05578254512483364
0.05560858519189115
0.05543640172779811
0.055265985491756354
0.05509732729003242
0.05493041796820698
0.05476524840317465
0.054601809494885904
0.05444009215782356
0.05428008731220823
0.054121785874924666
0.05396517875016322
0.053810256819769496
0.05365701093329767
0.05350543189775954
0.05335551046706673
0.05320723733115996
0.05306060310482086
0.05291559831616516
0.052772213394811585
0.052630438659727496
0.052490264306747234
0.05235168039576558
0.05221467683760601
0.05207924338056617
0.05194536959664406
0.05181304486744875
0.051682258369803405
0.05155299906104736
0.051425255664046904
0.05129901665192547
0.051174270232528775
0.05105100433263734
0.0509292065819457
0.050808864296828606
0.05068996446391605
0.0505724937235013
0.05045643835281267
0.05034178424917637
0.05022851691310744
0.05011662143136297
0.05000608246000103
0.04989688420748585
